0 info it worked if it ends with ok
1 verbose cli [ 'D:\\scoop\\apps\\nodejs-lts\\6.9.1\\nodejs\\node.exe',
1 verbose cli   'D:\\scoop\\apps\\nodejs-lts\\6.9.1\\nodejs\\node_modules\\npm\\bin\\npm-cli.js',
1 verbose cli   'install',
1 verbose cli   'pg-native' ]
2 info using npm@4.0.3
3 info using node@v6.9.1
4 silly loadCurrentTree Starting
5 silly install loadCurrentTree
6 silly install readLocalPackageData
7 silly fetchPackageMetaData pg-native
8 silly fetchNamedPackageData pg-native
9 silly mapToRegistry name pg-native
10 silly mapToRegistry using default registry
11 silly mapToRegistry registry https://registry.npmjs.org/
12 silly mapToRegistry data Result {
12 silly mapToRegistry   raw: 'pg-native',
12 silly mapToRegistry   scope: null,
12 silly mapToRegistry   escapedName: 'pg-native',
12 silly mapToRegistry   name: 'pg-native',
12 silly mapToRegistry   rawSpec: '',
12 silly mapToRegistry   spec: 'latest',
12 silly mapToRegistry   type: 'tag' }
13 silly mapToRegistry uri https://registry.npmjs.org/pg-native
14 verbose request uri https://registry.npmjs.org/pg-native
15 verbose request no auth needed
16 info attempt registry request try #1 at 11:21:26 AM
17 verbose request id 504025610f17d504
18 verbose etag W/"5679a1d6-a891"
19 verbose lastModified Tue, 22 Dec 2015 19:17:42 GMT
20 http request GET https://registry.npmjs.org/pg-native
21 http 304 https://registry.npmjs.org/pg-native
22 verbose headers { date: 'Fri, 02 Dec 2016 18:21:26 GMT',
22 verbose headers   via: '1.1 varnish',
22 verbose headers   'cache-control': 'max-age=300',
22 verbose headers   etag: 'W/"5679a1d6-a891"',
22 verbose headers   age: '78',
22 verbose headers   connection: 'keep-alive',
22 verbose headers   'x-served-by': 'cache-sea1925-SEA',
22 verbose headers   'x-cache': 'HIT',
22 verbose headers   'x-cache-hits': '2',
22 verbose headers   'x-timer': 'S1480702886.819157,VS0,VE0',
22 verbose headers   vary: 'Accept-Encoding' }
23 silly get cb [ 304,
23 silly get   { date: 'Fri, 02 Dec 2016 18:21:26 GMT',
23 silly get     via: '1.1 varnish',
23 silly get     'cache-control': 'max-age=300',
23 silly get     etag: 'W/"5679a1d6-a891"',
23 silly get     age: '78',
23 silly get     connection: 'keep-alive',
23 silly get     'x-served-by': 'cache-sea1925-SEA',
23 silly get     'x-cache': 'HIT',
23 silly get     'x-cache-hits': '2',
23 silly get     'x-timer': 'S1480702886.819157,VS0,VE0',
23 silly get     vary: 'Accept-Encoding' } ]
24 verbose etag https://registry.npmjs.org/pg-native from cache
25 verbose get saving pg-native to C:\Users\michaelekstrand\AppData\Roaming\npm-cache\registry.npmjs.org\pg-native\.cache.json
26 verbose correctMkdir C:\Users\michaelekstrand\AppData\Roaming\npm-cache correctMkdir not in flight; initializing
27 silly install normalizeTree
28 silly loadCurrentTree Finishing
29 silly loadIdealTree Starting
30 silly install loadIdealTree
31 silly cloneCurrentTree Starting
32 silly install cloneCurrentTreeToIdealTree
33 silly cloneCurrentTree Finishing
34 silly loadShrinkwrap Starting
35 silly install loadShrinkwrap
36 silly loadShrinkwrap Finishing
37 silly loadAllDepsIntoIdealTree Starting
38 silly install loadAllDepsIntoIdealTree
39 silly resolveWithNewModule pg-native@1.10.0 checking installable status
40 silly cache add args [ 'pg-native', null ]
41 verbose cache add spec pg-native
42 silly cache add parsed spec Result {
42 silly cache add   raw: 'pg-native',
42 silly cache add   scope: null,
42 silly cache add   escapedName: 'pg-native',
42 silly cache add   name: 'pg-native',
42 silly cache add   rawSpec: '',
42 silly cache add   spec: 'latest',
42 silly cache add   type: 'tag' }
43 silly addNamed pg-native@latest
44 verbose addNamed "latest" is being treated as a dist-tag for pg-native
45 info addNameTag [ 'pg-native', 'latest' ]
46 silly mapToRegistry name pg-native
47 silly mapToRegistry using default registry
48 silly mapToRegistry registry https://registry.npmjs.org/
49 silly mapToRegistry data Result {
49 silly mapToRegistry   raw: 'pg-native',
49 silly mapToRegistry   scope: null,
49 silly mapToRegistry   escapedName: 'pg-native',
49 silly mapToRegistry   name: 'pg-native',
49 silly mapToRegistry   rawSpec: '',
49 silly mapToRegistry   spec: 'latest',
49 silly mapToRegistry   type: 'tag' }
50 silly mapToRegistry uri https://registry.npmjs.org/pg-native
51 verbose addNameTag registry:https://registry.npmjs.org/pg-native not in flight; fetching
52 verbose get https://registry.npmjs.org/pg-native not expired, no request
53 silly addNameTag next cb for pg-native with tag latest
54 silly addNamed pg-native@1.10.0
55 verbose addNamed "1.10.0" is a plain semver version for pg-native
56 silly cache afterAdd pg-native@1.10.0
57 verbose afterAdd C:\Users\michaelekstrand\AppData\Roaming\npm-cache\pg-native\1.10.0\package\package.json not in flight; writing
58 verbose correctMkdir C:\Users\michaelekstrand\AppData\Roaming\npm-cache correctMkdir not in flight; initializing
59 verbose afterAdd C:\Users\michaelekstrand\AppData\Roaming\npm-cache\pg-native\1.10.0\package\package.json written
60 silly fetchNamedPackageData libpq
61 silly mapToRegistry name libpq
62 silly mapToRegistry using default registry
63 silly mapToRegistry registry https://registry.npmjs.org/
64 silly mapToRegistry data Result {
64 silly mapToRegistry   raw: 'libpq',
64 silly mapToRegistry   scope: null,
64 silly mapToRegistry   escapedName: 'libpq',
64 silly mapToRegistry   name: 'libpq',
64 silly mapToRegistry   rawSpec: '',
64 silly mapToRegistry   spec: 'latest',
64 silly mapToRegistry   type: 'tag' }
65 silly mapToRegistry uri https://registry.npmjs.org/libpq
66 silly fetchNamedPackageData pg-types
67 silly mapToRegistry name pg-types
68 silly mapToRegistry using default registry
69 silly mapToRegistry registry https://registry.npmjs.org/
70 silly mapToRegistry data Result {
70 silly mapToRegistry   raw: 'pg-types',
70 silly mapToRegistry   scope: null,
70 silly mapToRegistry   escapedName: 'pg-types',
70 silly mapToRegistry   name: 'pg-types',
70 silly mapToRegistry   rawSpec: '',
70 silly mapToRegistry   spec: 'latest',
70 silly mapToRegistry   type: 'tag' }
71 silly mapToRegistry uri https://registry.npmjs.org/pg-types
72 silly fetchNamedPackageData readable-stream
73 silly mapToRegistry name readable-stream
74 silly mapToRegistry using default registry
75 silly mapToRegistry registry https://registry.npmjs.org/
76 silly mapToRegistry data Result {
76 silly mapToRegistry   raw: 'readable-stream',
76 silly mapToRegistry   scope: null,
76 silly mapToRegistry   escapedName: 'readable-stream',
76 silly mapToRegistry   name: 'readable-stream',
76 silly mapToRegistry   rawSpec: '',
76 silly mapToRegistry   spec: 'latest',
76 silly mapToRegistry   type: 'tag' }
77 silly mapToRegistry uri https://registry.npmjs.org/readable-stream
78 verbose request uri https://registry.npmjs.org/libpq
79 verbose request no auth needed
80 info attempt registry request try #1 at 11:21:26 AM
81 verbose etag W/"57a20e1d-e371"
82 verbose lastModified Wed, 03 Aug 2016 15:30:37 GMT
83 http request GET https://registry.npmjs.org/libpq
84 verbose request uri https://registry.npmjs.org/pg-types
85 verbose request no auth needed
86 info attempt registry request try #1 at 11:21:26 AM
87 verbose etag W/"571a65ca-4149"
88 verbose lastModified Fri, 22 Apr 2016 17:56:26 GMT
89 http request GET https://registry.npmjs.org/pg-types
90 verbose request uri https://registry.npmjs.org/readable-stream
91 verbose request no auth needed
92 info attempt registry request try #1 at 11:21:26 AM
93 verbose etag W/"58343e6a-12397"
94 verbose lastModified Tue, 22 Nov 2016 12:47:38 GMT
95 http request GET https://registry.npmjs.org/readable-stream
96 http 304 https://registry.npmjs.org/libpq
97 verbose headers { date: 'Fri, 02 Dec 2016 18:21:26 GMT',
97 verbose headers   via: '1.1 varnish',
97 verbose headers   'cache-control': 'max-age=300',
97 verbose headers   etag: 'W/"57a20e1d-e371"',
97 verbose headers   age: '75',
97 verbose headers   connection: 'keep-alive',
97 verbose headers   'x-served-by': 'cache-sea1925-SEA',
97 verbose headers   'x-cache': 'HIT',
97 verbose headers   'x-cache-hits': '7',
97 verbose headers   'x-timer': 'S1480702886.950302,VS0,VE0',
97 verbose headers   vary: 'Accept-Encoding' }
98 silly get cb [ 304,
98 silly get   { date: 'Fri, 02 Dec 2016 18:21:26 GMT',
98 silly get     via: '1.1 varnish',
98 silly get     'cache-control': 'max-age=300',
98 silly get     etag: 'W/"57a20e1d-e371"',
98 silly get     age: '75',
98 silly get     connection: 'keep-alive',
98 silly get     'x-served-by': 'cache-sea1925-SEA',
98 silly get     'x-cache': 'HIT',
98 silly get     'x-cache-hits': '7',
98 silly get     'x-timer': 'S1480702886.950302,VS0,VE0',
98 silly get     vary: 'Accept-Encoding' } ]
99 verbose etag https://registry.npmjs.org/libpq from cache
100 verbose get saving libpq to C:\Users\michaelekstrand\AppData\Roaming\npm-cache\registry.npmjs.org\libpq\.cache.json
101 verbose correctMkdir C:\Users\michaelekstrand\AppData\Roaming\npm-cache correctMkdir not in flight; initializing
102 silly resolveWithNewModule libpq@1.8.5 checking installable status
103 silly cache add args [ 'libpq@^1.7.0', null ]
104 verbose cache add spec libpq@^1.7.0
105 silly cache add parsed spec Result {
105 silly cache add   raw: 'libpq@^1.7.0',
105 silly cache add   scope: null,
105 silly cache add   escapedName: 'libpq',
105 silly cache add   name: 'libpq',
105 silly cache add   rawSpec: '^1.7.0',
105 silly cache add   spec: '>=1.7.0 <2.0.0',
105 silly cache add   type: 'range' }
106 silly addNamed libpq@>=1.7.0 <2.0.0
107 verbose addNamed ">=1.7.0 <2.0.0" is a valid semver range for libpq
108 silly addNameRange { name: 'libpq', range: '>=1.7.0 <2.0.0', hasData: false }
109 silly mapToRegistry name libpq
110 silly mapToRegistry using default registry
111 silly mapToRegistry registry https://registry.npmjs.org/
112 silly mapToRegistry data Result {
112 silly mapToRegistry   raw: 'libpq',
112 silly mapToRegistry   scope: null,
112 silly mapToRegistry   escapedName: 'libpq',
112 silly mapToRegistry   name: 'libpq',
112 silly mapToRegistry   rawSpec: '',
112 silly mapToRegistry   spec: 'latest',
112 silly mapToRegistry   type: 'tag' }
113 silly mapToRegistry uri https://registry.npmjs.org/libpq
114 verbose addNameRange registry:https://registry.npmjs.org/libpq not in flight; fetching
115 verbose get https://registry.npmjs.org/libpq not expired, no request
116 silly addNameRange number 2 { name: 'libpq', range: '>=1.7.0 <2.0.0', hasData: true }
117 silly addNameRange versions [ 'libpq',
117 silly addNameRange   [ '0.2.0',
117 silly addNameRange     '0.2.1',
117 silly addNameRange     '0.2.2',
117 silly addNameRange     '0.2.3',
117 silly addNameRange     '0.2.4',
117 silly addNameRange     '0.2.5',
117 silly addNameRange     '0.3.0',
117 silly addNameRange     '0.4.0',
117 silly addNameRange     '0.4.1',
117 silly addNameRange     '0.5.0',
117 silly addNameRange     '0.5.1',
117 silly addNameRange     '0.5.2',
117 silly addNameRange     '0.5.3',
117 silly addNameRange     '1.0.0',
117 silly addNameRange     '1.0.1',
117 silly addNameRange     '1.1.0',
117 silly addNameRange     '1.2.0',
117 silly addNameRange     '1.2.1',
117 silly addNameRange     '1.3.0',
117 silly addNameRange     '1.3.1',
117 silly addNameRange     '1.4.0',
117 silly addNameRange     '1.4.1',
117 silly addNameRange     '1.4.2',
117 silly addNameRange     '1.5.1',
117 silly addNameRange     '1.6.0',
117 silly addNameRange     '1.6.1',
117 silly addNameRange     '1.6.2',
117 silly addNameRange     '1.6.3',
117 silly addNameRange     '1.6.4',
117 silly addNameRange     '1.7.0',
117 silly addNameRange     '1.8.0',
117 silly addNameRange     '1.8.1',
117 silly addNameRange     '1.8.2',
117 silly addNameRange     '1.8.3',
117 silly addNameRange     '1.8.4',
117 silly addNameRange     '1.8.5' ] ]
118 silly addNamed libpq@1.8.5
119 verbose addNamed "1.8.5" is a plain semver version for libpq
120 silly cache afterAdd libpq@1.8.5
121 verbose afterAdd C:\Users\michaelekstrand\AppData\Roaming\npm-cache\libpq\1.8.5\package\package.json not in flight; writing
122 verbose correctMkdir C:\Users\michaelekstrand\AppData\Roaming\npm-cache correctMkdir not in flight; initializing
123 verbose afterAdd C:\Users\michaelekstrand\AppData\Roaming\npm-cache\libpq\1.8.5\package\package.json written
124 http 304 https://registry.npmjs.org/pg-types
125 verbose headers { date: 'Fri, 02 Dec 2016 18:21:26 GMT',
125 verbose headers   via: '1.1 varnish',
125 verbose headers   'cache-control': 'max-age=300',
125 verbose headers   etag: 'W/"571a65ca-4149"',
125 verbose headers   age: '76',
125 verbose headers   connection: 'keep-alive',
125 verbose headers   'x-served-by': 'cache-sea1926-SEA',
125 verbose headers   'x-cache': 'HIT',
125 verbose headers   'x-cache-hits': '2',
125 verbose headers   'x-timer': 'S1480702886.973422,VS0,VE0',
125 verbose headers   vary: 'Accept-Encoding' }
126 silly get cb [ 304,
126 silly get   { date: 'Fri, 02 Dec 2016 18:21:26 GMT',
126 silly get     via: '1.1 varnish',
126 silly get     'cache-control': 'max-age=300',
126 silly get     etag: 'W/"571a65ca-4149"',
126 silly get     age: '76',
126 silly get     connection: 'keep-alive',
126 silly get     'x-served-by': 'cache-sea1926-SEA',
126 silly get     'x-cache': 'HIT',
126 silly get     'x-cache-hits': '2',
126 silly get     'x-timer': 'S1480702886.973422,VS0,VE0',
126 silly get     vary: 'Accept-Encoding' } ]
127 verbose etag https://registry.npmjs.org/pg-types from cache
128 verbose get saving pg-types to C:\Users\michaelekstrand\AppData\Roaming\npm-cache\registry.npmjs.org\pg-types\.cache.json
129 verbose correctMkdir C:\Users\michaelekstrand\AppData\Roaming\npm-cache correctMkdir not in flight; initializing
130 http 304 https://registry.npmjs.org/readable-stream
131 verbose headers { date: 'Fri, 02 Dec 2016 18:21:26 GMT',
131 verbose headers   via: '1.1 varnish',
131 verbose headers   'cache-control': 'max-age=300',
131 verbose headers   etag: 'W/"58343e6a-12397"',
131 verbose headers   age: '104',
131 verbose headers   connection: 'keep-alive',
131 verbose headers   'x-served-by': 'cache-sea1927-SEA',
131 verbose headers   'x-cache': 'HIT',
131 verbose headers   'x-cache-hits': '34',
131 verbose headers   'x-timer': 'S1480702886.979373,VS0,VE0',
131 verbose headers   vary: 'Accept-Encoding' }
132 silly get cb [ 304,
132 silly get   { date: 'Fri, 02 Dec 2016 18:21:26 GMT',
132 silly get     via: '1.1 varnish',
132 silly get     'cache-control': 'max-age=300',
132 silly get     etag: 'W/"58343e6a-12397"',
132 silly get     age: '104',
132 silly get     connection: 'keep-alive',
132 silly get     'x-served-by': 'cache-sea1927-SEA',
132 silly get     'x-cache': 'HIT',
132 silly get     'x-cache-hits': '34',
132 silly get     'x-timer': 'S1480702886.979373,VS0,VE0',
132 silly get     vary: 'Accept-Encoding' } ]
133 verbose etag https://registry.npmjs.org/readable-stream from cache
134 verbose get saving readable-stream to C:\Users\michaelekstrand\AppData\Roaming\npm-cache\registry.npmjs.org\readable-stream\.cache.json
135 verbose correctMkdir C:\Users\michaelekstrand\AppData\Roaming\npm-cache correctMkdir not in flight; initializing
136 silly resolveWithNewModule pg-types@1.6.0 checking installable status
137 silly cache add args [ 'pg-types@1.6.0', null ]
138 verbose cache add spec pg-types@1.6.0
139 silly cache add parsed spec Result {
139 silly cache add   raw: 'pg-types@1.6.0',
139 silly cache add   scope: null,
139 silly cache add   escapedName: 'pg-types',
139 silly cache add   name: 'pg-types',
139 silly cache add   rawSpec: '1.6.0',
139 silly cache add   spec: '1.6.0',
139 silly cache add   type: 'version' }
140 silly addNamed pg-types@1.6.0
141 verbose addNamed "1.6.0" is a plain semver version for pg-types
142 silly mapToRegistry name pg-types
143 silly mapToRegistry using default registry
144 silly mapToRegistry registry https://registry.npmjs.org/
145 silly mapToRegistry data Result {
145 silly mapToRegistry   raw: 'pg-types',
145 silly mapToRegistry   scope: null,
145 silly mapToRegistry   escapedName: 'pg-types',
145 silly mapToRegistry   name: 'pg-types',
145 silly mapToRegistry   rawSpec: '',
145 silly mapToRegistry   spec: 'latest',
145 silly mapToRegistry   type: 'tag' }
146 silly mapToRegistry uri https://registry.npmjs.org/pg-types
147 verbose addNameVersion registry:https://registry.npmjs.org/pg-types not in flight; fetching
148 verbose get https://registry.npmjs.org/pg-types not expired, no request
149 silly cache afterAdd pg-types@1.6.0
150 verbose afterAdd C:\Users\michaelekstrand\AppData\Roaming\npm-cache\pg-types\1.6.0\package\package.json not in flight; writing
151 verbose correctMkdir C:\Users\michaelekstrand\AppData\Roaming\npm-cache correctMkdir not in flight; initializing
152 silly resolveWithNewModule readable-stream@1.0.31 checking installable status
153 silly cache add args [ 'readable-stream@1.0.31', null ]
154 verbose cache add spec readable-stream@1.0.31
155 silly cache add parsed spec Result {
155 silly cache add   raw: 'readable-stream@1.0.31',
155 silly cache add   scope: null,
155 silly cache add   escapedName: 'readable-stream',
155 silly cache add   name: 'readable-stream',
155 silly cache add   rawSpec: '1.0.31',
155 silly cache add   spec: '1.0.31',
155 silly cache add   type: 'version' }
156 silly addNamed readable-stream@1.0.31
157 verbose addNamed "1.0.31" is a plain semver version for readable-stream
158 silly mapToRegistry name readable-stream
159 silly mapToRegistry using default registry
160 silly mapToRegistry registry https://registry.npmjs.org/
161 silly mapToRegistry data Result {
161 silly mapToRegistry   raw: 'readable-stream',
161 silly mapToRegistry   scope: null,
161 silly mapToRegistry   escapedName: 'readable-stream',
161 silly mapToRegistry   name: 'readable-stream',
161 silly mapToRegistry   rawSpec: '',
161 silly mapToRegistry   spec: 'latest',
161 silly mapToRegistry   type: 'tag' }
162 silly mapToRegistry uri https://registry.npmjs.org/readable-stream
163 verbose addNameVersion registry:https://registry.npmjs.org/readable-stream not in flight; fetching
164 verbose get https://registry.npmjs.org/readable-stream not expired, no request
165 verbose afterAdd C:\Users\michaelekstrand\AppData\Roaming\npm-cache\pg-types\1.6.0\package\package.json written
166 silly cache afterAdd readable-stream@1.0.31
167 verbose afterAdd C:\Users\michaelekstrand\AppData\Roaming\npm-cache\readable-stream\1.0.31\package\package.json not in flight; writing
168 verbose correctMkdir C:\Users\michaelekstrand\AppData\Roaming\npm-cache correctMkdir not in flight; initializing
169 verbose afterAdd C:\Users\michaelekstrand\AppData\Roaming\npm-cache\readable-stream\1.0.31\package\package.json written
170 silly fetchNamedPackageData nan
171 silly mapToRegistry name nan
172 silly mapToRegistry using default registry
173 silly mapToRegistry registry https://registry.npmjs.org/
174 silly mapToRegistry data Result {
174 silly mapToRegistry   raw: 'nan',
174 silly mapToRegistry   scope: null,
174 silly mapToRegistry   escapedName: 'nan',
174 silly mapToRegistry   name: 'nan',
174 silly mapToRegistry   rawSpec: '',
174 silly mapToRegistry   spec: 'latest',
174 silly mapToRegistry   type: 'tag' }
175 silly mapToRegistry uri https://registry.npmjs.org/nan
176 silly fetchNamedPackageData bindings
177 silly mapToRegistry name bindings
178 silly mapToRegistry using default registry
179 silly mapToRegistry registry https://registry.npmjs.org/
180 silly mapToRegistry data Result {
180 silly mapToRegistry   raw: 'bindings',
180 silly mapToRegistry   scope: null,
180 silly mapToRegistry   escapedName: 'bindings',
180 silly mapToRegistry   name: 'bindings',
180 silly mapToRegistry   rawSpec: '',
180 silly mapToRegistry   spec: 'latest',
180 silly mapToRegistry   type: 'tag' }
181 silly mapToRegistry uri https://registry.npmjs.org/bindings
182 verbose request uri https://registry.npmjs.org/bindings
183 verbose request no auth needed
184 info attempt registry request try #1 at 11:21:27 AM
185 verbose etag W/"580645d3-46f7"
186 verbose lastModified Tue, 18 Oct 2016 15:54:59 GMT
187 http request GET https://registry.npmjs.org/bindings
188 verbose request uri https://registry.npmjs.org/nan
189 verbose request no auth needed
190 info attempt registry request try #1 at 11:21:27 AM
191 verbose etag W/"5818d749-1ce1e"
192 verbose lastModified Tue, 01 Nov 2016 17:56:25 GMT
193 http request GET https://registry.npmjs.org/nan
194 http 304 https://registry.npmjs.org/bindings
195 verbose headers { date: 'Fri, 02 Dec 2016 18:21:27 GMT',
195 verbose headers   via: '1.1 varnish',
195 verbose headers   'cache-control': 'max-age=300',
195 verbose headers   etag: 'W/"580645d3-46f7"',
195 verbose headers   age: '21',
195 verbose headers   connection: 'keep-alive',
195 verbose headers   'x-served-by': 'cache-sea1925-SEA',
195 verbose headers   'x-cache': 'HIT',
195 verbose headers   'x-cache-hits': '2',
195 verbose headers   'x-timer': 'S1480702887.035376,VS0,VE0',
195 verbose headers   vary: 'Accept-Encoding' }
196 silly get cb [ 304,
196 silly get   { date: 'Fri, 02 Dec 2016 18:21:27 GMT',
196 silly get     via: '1.1 varnish',
196 silly get     'cache-control': 'max-age=300',
196 silly get     etag: 'W/"580645d3-46f7"',
196 silly get     age: '21',
196 silly get     connection: 'keep-alive',
196 silly get     'x-served-by': 'cache-sea1925-SEA',
196 silly get     'x-cache': 'HIT',
196 silly get     'x-cache-hits': '2',
196 silly get     'x-timer': 'S1480702887.035376,VS0,VE0',
196 silly get     vary: 'Accept-Encoding' } ]
197 verbose etag https://registry.npmjs.org/bindings from cache
198 verbose get saving bindings to C:\Users\michaelekstrand\AppData\Roaming\npm-cache\registry.npmjs.org\bindings\.cache.json
199 verbose correctMkdir C:\Users\michaelekstrand\AppData\Roaming\npm-cache correctMkdir not in flight; initializing
200 http 304 https://registry.npmjs.org/nan
201 verbose headers { date: 'Fri, 02 Dec 2016 18:21:27 GMT',
201 verbose headers   via: '1.1 varnish',
201 verbose headers   'cache-control': 'max-age=300',
201 verbose headers   etag: 'W/"5818d749-1ce1e"',
201 verbose headers   age: '169',
201 verbose headers   connection: 'keep-alive',
201 verbose headers   'x-served-by': 'cache-sea1926-SEA',
201 verbose headers   'x-cache': 'HIT',
201 verbose headers   'x-cache-hits': '24',
201 verbose headers   'x-timer': 'S1480702887.038327,VS0,VE0',
201 verbose headers   vary: 'Accept-Encoding' }
202 silly get cb [ 304,
202 silly get   { date: 'Fri, 02 Dec 2016 18:21:27 GMT',
202 silly get     via: '1.1 varnish',
202 silly get     'cache-control': 'max-age=300',
202 silly get     etag: 'W/"5818d749-1ce1e"',
202 silly get     age: '169',
202 silly get     connection: 'keep-alive',
202 silly get     'x-served-by': 'cache-sea1926-SEA',
202 silly get     'x-cache': 'HIT',
202 silly get     'x-cache-hits': '24',
202 silly get     'x-timer': 'S1480702887.038327,VS0,VE0',
202 silly get     vary: 'Accept-Encoding' } ]
203 verbose etag https://registry.npmjs.org/nan from cache
204 verbose get saving nan to C:\Users\michaelekstrand\AppData\Roaming\npm-cache\registry.npmjs.org\nan\.cache.json
205 verbose correctMkdir C:\Users\michaelekstrand\AppData\Roaming\npm-cache correctMkdir not in flight; initializing
206 silly resolveWithNewModule bindings@1.2.1 checking installable status
207 silly cache add args [ 'bindings@1.2.1', null ]
208 verbose cache add spec bindings@1.2.1
209 silly cache add parsed spec Result {
209 silly cache add   raw: 'bindings@1.2.1',
209 silly cache add   scope: null,
209 silly cache add   escapedName: 'bindings',
209 silly cache add   name: 'bindings',
209 silly cache add   rawSpec: '1.2.1',
209 silly cache add   spec: '1.2.1',
209 silly cache add   type: 'version' }
210 silly addNamed bindings@1.2.1
211 verbose addNamed "1.2.1" is a plain semver version for bindings
212 silly mapToRegistry name bindings
213 silly mapToRegistry using default registry
214 silly mapToRegistry registry https://registry.npmjs.org/
215 silly mapToRegistry data Result {
215 silly mapToRegistry   raw: 'bindings',
215 silly mapToRegistry   scope: null,
215 silly mapToRegistry   escapedName: 'bindings',
215 silly mapToRegistry   name: 'bindings',
215 silly mapToRegistry   rawSpec: '',
215 silly mapToRegistry   spec: 'latest',
215 silly mapToRegistry   type: 'tag' }
216 silly mapToRegistry uri https://registry.npmjs.org/bindings
217 verbose addNameVersion registry:https://registry.npmjs.org/bindings not in flight; fetching
218 verbose get https://registry.npmjs.org/bindings not expired, no request
219 silly resolveWithNewModule nan@2.4.0 checking installable status
220 silly cache add args [ 'nan@^2.3.0', null ]
221 verbose cache add spec nan@^2.3.0
222 silly cache add parsed spec Result {
222 silly cache add   raw: 'nan@^2.3.0',
222 silly cache add   scope: null,
222 silly cache add   escapedName: 'nan',
222 silly cache add   name: 'nan',
222 silly cache add   rawSpec: '^2.3.0',
222 silly cache add   spec: '>=2.3.0 <3.0.0',
222 silly cache add   type: 'range' }
223 silly addNamed nan@>=2.3.0 <3.0.0
224 verbose addNamed ">=2.3.0 <3.0.0" is a valid semver range for nan
225 silly addNameRange { name: 'nan', range: '>=2.3.0 <3.0.0', hasData: false }
226 silly mapToRegistry name nan
227 silly mapToRegistry using default registry
228 silly mapToRegistry registry https://registry.npmjs.org/
229 silly mapToRegistry data Result {
229 silly mapToRegistry   raw: 'nan',
229 silly mapToRegistry   scope: null,
229 silly mapToRegistry   escapedName: 'nan',
229 silly mapToRegistry   name: 'nan',
229 silly mapToRegistry   rawSpec: '',
229 silly mapToRegistry   spec: 'latest',
229 silly mapToRegistry   type: 'tag' }
230 silly mapToRegistry uri https://registry.npmjs.org/nan
231 verbose addNameRange registry:https://registry.npmjs.org/nan not in flight; fetching
232 silly cache afterAdd bindings@1.2.1
233 verbose afterAdd C:\Users\michaelekstrand\AppData\Roaming\npm-cache\bindings\1.2.1\package\package.json not in flight; writing
234 verbose correctMkdir C:\Users\michaelekstrand\AppData\Roaming\npm-cache correctMkdir not in flight; initializing
235 verbose get https://registry.npmjs.org/nan not expired, no request
236 silly addNameRange number 2 { name: 'nan', range: '>=2.3.0 <3.0.0', hasData: true }
237 silly addNameRange versions [ 'nan',
237 silly addNameRange   [ '0.3.0-wip',
237 silly addNameRange     '0.3.0-wip2',
237 silly addNameRange     '0.3.0',
237 silly addNameRange     '0.3.1',
237 silly addNameRange     '0.3.2',
237 silly addNameRange     '0.4.0',
237 silly addNameRange     '0.4.1',
237 silly addNameRange     '0.4.2',
237 silly addNameRange     '0.4.3',
237 silly addNameRange     '0.4.4',
237 silly addNameRange     '0.5.0',
237 silly addNameRange     '0.5.1',
237 silly addNameRange     '0.5.2',
237 silly addNameRange     '0.6.0',
237 silly addNameRange     '0.7.0',
237 silly addNameRange     '0.7.1',
237 silly addNameRange     '0.8.0',
237 silly addNameRange     '1.0.0',
237 silly addNameRange     '1.1.0',
237 silly addNameRange     '1.1.1',
237 silly addNameRange     '1.1.2',
237 silly addNameRange     '1.2.0',
237 silly addNameRange     '1.3.0',
237 silly addNameRange     '1.4.0',
237 silly addNameRange     '1.4.1',
237 silly addNameRange     '1.5.0',
237 silly addNameRange     '1.4.2',
237 silly addNameRange     '1.4.3',
237 silly addNameRange     '1.5.1',
237 silly addNameRange     '1.5.2',
237 silly addNameRange     '1.6.0',
237 silly addNameRange     '1.5.3',
237 silly addNameRange     '1.6.1',
237 silly addNameRange     '1.6.2',
237 silly addNameRange     '1.7.0',
237 silly addNameRange     '1.8.0',
237 silly addNameRange     '1.8.1',
237 silly addNameRange     '1.8.2',
237 silly addNameRange     '1.8.3',
237 silly addNameRange     '1.8.4',
237 silly addNameRange     '1.9.0',
237 silly addNameRange     '2.0.0',
237 silly addNameRange     '2.0.1',
237 silly addNameRange     '2.0.2',
237 silly addNameRange     '2.0.3',
237 silly addNameRange     '2.0.4',
237 silly addNameRange     '2.0.5',
237 silly addNameRange     '2.0.6',
237 silly addNameRange     '2.0.7',
237 silly addNameRange     '2.0.8',
237 silly addNameRange     '2.0.9',
237 silly addNameRange     '2.1.0',
237 silly addNameRange     '2.2.0',
237 silly addNameRange     '2.2.1',
237 silly addNameRange     '2.3.0',
237 silly addNameRange     '2.3.1',
237 silly addNameRange     '2.3.2',
237 silly addNameRange     '2.3.3',
237 silly addNameRange     '2.3.4',
237 silly addNameRange     '2.3.5',
237 silly addNameRange     '2.4.0' ] ]
238 silly addNamed nan@2.4.0
239 verbose addNamed "2.4.0" is a plain semver version for nan
240 verbose afterAdd C:\Users\michaelekstrand\AppData\Roaming\npm-cache\bindings\1.2.1\package\package.json written
241 silly cache afterAdd nan@2.4.0
242 verbose afterAdd C:\Users\michaelekstrand\AppData\Roaming\npm-cache\nan\2.4.0\package\package.json not in flight; writing
243 verbose correctMkdir C:\Users\michaelekstrand\AppData\Roaming\npm-cache correctMkdir not in flight; initializing
244 verbose afterAdd C:\Users\michaelekstrand\AppData\Roaming\npm-cache\nan\2.4.0\package\package.json written
245 silly fetchNamedPackageData isarray
246 silly mapToRegistry name isarray
247 silly mapToRegistry using default registry
248 silly mapToRegistry registry https://registry.npmjs.org/
249 silly mapToRegistry data Result {
249 silly mapToRegistry   raw: 'isarray',
249 silly mapToRegistry   scope: null,
249 silly mapToRegistry   escapedName: 'isarray',
249 silly mapToRegistry   name: 'isarray',
249 silly mapToRegistry   rawSpec: '',
249 silly mapToRegistry   spec: 'latest',
249 silly mapToRegistry   type: 'tag' }
250 silly mapToRegistry uri https://registry.npmjs.org/isarray
251 verbose request uri https://registry.npmjs.org/isarray
252 verbose request no auth needed
253 info attempt registry request try #1 at 11:21:27 AM
254 verbose etag W/"5818d2eb-226a"
255 verbose lastModified Tue, 01 Nov 2016 17:37:47 GMT
256 http request GET https://registry.npmjs.org/isarray
257 http 304 https://registry.npmjs.org/isarray
258 verbose headers { date: 'Fri, 02 Dec 2016 18:21:27 GMT',
258 verbose headers   via: '1.1 varnish',
258 verbose headers   'cache-control': 'max-age=300',
258 verbose headers   etag: 'W/"5818d2eb-226a"',
258 verbose headers   age: '293',
258 verbose headers   connection: 'keep-alive',
258 verbose headers   'x-served-by': 'cache-sea1927-SEA',
258 verbose headers   'x-cache': 'HIT',
258 verbose headers   'x-cache-hits': '598',
258 verbose headers   'x-timer': 'S1480702887.095821,VS0,VE0',
258 verbose headers   vary: 'Accept-Encoding' }
259 silly get cb [ 304,
259 silly get   { date: 'Fri, 02 Dec 2016 18:21:27 GMT',
259 silly get     via: '1.1 varnish',
259 silly get     'cache-control': 'max-age=300',
259 silly get     etag: 'W/"5818d2eb-226a"',
259 silly get     age: '293',
259 silly get     connection: 'keep-alive',
259 silly get     'x-served-by': 'cache-sea1927-SEA',
259 silly get     'x-cache': 'HIT',
259 silly get     'x-cache-hits': '598',
259 silly get     'x-timer': 'S1480702887.095821,VS0,VE0',
259 silly get     vary: 'Accept-Encoding' } ]
260 verbose etag https://registry.npmjs.org/isarray from cache
261 verbose get saving isarray to C:\Users\michaelekstrand\AppData\Roaming\npm-cache\registry.npmjs.org\isarray\.cache.json
262 verbose correctMkdir C:\Users\michaelekstrand\AppData\Roaming\npm-cache correctMkdir not in flight; initializing
263 silly resolveWithNewModule isarray@0.0.1 checking installable status
264 silly cache add args [ 'isarray@0.0.1', null ]
265 verbose cache add spec isarray@0.0.1
266 silly cache add parsed spec Result {
266 silly cache add   raw: 'isarray@0.0.1',
266 silly cache add   scope: null,
266 silly cache add   escapedName: 'isarray',
266 silly cache add   name: 'isarray',
266 silly cache add   rawSpec: '0.0.1',
266 silly cache add   spec: '0.0.1',
266 silly cache add   type: 'version' }
267 silly addNamed isarray@0.0.1
268 verbose addNamed "0.0.1" is a plain semver version for isarray
269 silly mapToRegistry name isarray
270 silly mapToRegistry using default registry
271 silly mapToRegistry registry https://registry.npmjs.org/
272 silly mapToRegistry data Result {
272 silly mapToRegistry   raw: 'isarray',
272 silly mapToRegistry   scope: null,
272 silly mapToRegistry   escapedName: 'isarray',
272 silly mapToRegistry   name: 'isarray',
272 silly mapToRegistry   rawSpec: '',
272 silly mapToRegistry   spec: 'latest',
272 silly mapToRegistry   type: 'tag' }
273 silly mapToRegistry uri https://registry.npmjs.org/isarray
274 verbose addNameVersion registry:https://registry.npmjs.org/isarray not in flight; fetching
275 verbose get https://registry.npmjs.org/isarray not expired, no request
276 silly cache afterAdd isarray@0.0.1
277 verbose afterAdd C:\Users\michaelekstrand\AppData\Roaming\npm-cache\isarray\0.0.1\package\package.json not in flight; writing
278 verbose correctMkdir C:\Users\michaelekstrand\AppData\Roaming\npm-cache correctMkdir not in flight; initializing
279 verbose afterAdd C:\Users\michaelekstrand\AppData\Roaming\npm-cache\isarray\0.0.1\package\package.json written
280 silly loadAllDepsIntoIdealTree Finishing
281 silly loadIdealTree Finishing
282 silly currentTree ol-data-tools@1.0.0
282 silly currentTree +-- ansi-regex@2.0.0
282 silly currentTree +-- ap@0.2.0
282 silly currentTree +-- async@2.1.2
282 silly currentTree +-- bson@0.5.7
282 silly currentTree +-- buffer-shims@1.0.0
282 silly currentTree +-- buffer-writer@1.0.1
282 silly currentTree +-- builtin-modules@1.1.1
282 silly currentTree +-- camelcase@3.0.0
282 silly currentTree +-- cliui@3.2.0
282 silly currentTree +-- code-point-at@1.1.0
282 silly currentTree +-- concat-stream@1.5.2
282 silly currentTree +-- core-util-is@1.0.2
282 silly currentTree +-- decamelize@1.2.0
282 silly currentTree +-- duplexify@3.5.0
282 silly currentTree | `-- end-of-stream@1.0.0
282 silly currentTree +-- end-of-stream@1.1.0
282 silly currentTree +-- error-ex@1.3.0
282 silly currentTree +-- es6-promise@3.2.1
282 silly currentTree +-- find-up@1.1.2
282 silly currentTree +-- flush-write-stream@1.0.2
282 silly currentTree +-- from2@2.3.0
282 silly currentTree +-- generic-pool@2.4.2
282 silly currentTree +-- get-caller-file@1.0.2
282 silly currentTree +-- graceful-fs@4.1.10
282 silly currentTree +-- hosted-git-info@2.1.5
282 silly currentTree +-- inherits@2.0.3
282 silly currentTree +-- invert-kv@1.0.0
282 silly currentTree +-- is-arrayish@0.2.1
282 silly currentTree +-- is-builtin-module@1.0.0
282 silly currentTree +-- is-fullwidth-code-point@1.0.0
282 silly currentTree +-- is-utf8@0.2.1
282 silly currentTree +-- isarray@1.0.0
282 silly currentTree +-- lcid@1.0.0
282 silly currentTree +-- load-json-file@1.1.0
282 silly currentTree +-- lodash@4.17.2
282 silly currentTree +-- mississippi@1.2.0
282 silly currentTree +-- mongodb-core@2.0.14
282 silly currentTree +-- mongodb@2.2.12
282 silly currentTree | `-- readable-stream@2.1.5
282 silly currentTree +-- normalize-package-data@2.3.5
282 silly currentTree +-- number-is-nan@1.0.1
282 silly currentTree +-- object-assign@4.1.0
282 silly currentTree +-- once@1.3.3
282 silly currentTree +-- os-locale@1.4.0
282 silly currentTree +-- packet-reader@0.2.0
282 silly currentTree +-- parse-json@2.2.0
282 silly currentTree +-- path-exists@2.1.0
282 silly currentTree +-- path-type@1.1.0
282 silly currentTree +-- pg-connection-string@0.1.3
282 silly currentTree +-- pg-pool@1.5.0
282 silly currentTree +-- pg-types@1.11.0
282 silly currentTree +-- pg@6.1.0
282 silly currentTree | `-- semver@4.3.2
282 silly currentTree +-- pgpass@1.0.1
282 silly currentTree +-- pify@2.3.0
282 silly currentTree +-- pinkie-promise@2.0.1
282 silly currentTree +-- pinkie@2.0.4
282 silly currentTree +-- postgres-array@1.0.0
282 silly currentTree +-- postgres-bytea@1.0.0
282 silly currentTree +-- postgres-date@1.0.3
282 silly currentTree +-- postgres-interval@1.0.2
282 silly currentTree +-- process-nextick-args@1.0.7
282 silly currentTree +-- progress@1.1.8
282 silly currentTree +-- pump@1.0.1
282 silly currentTree +-- pumpify@1.3.5
282 silly currentTree +-- read-pkg-up@1.0.1
282 silly currentTree +-- read-pkg@1.1.0
282 silly currentTree +-- readable-stream@2.0.6
282 silly currentTree +-- require_optional@1.0.0
282 silly currentTree +-- require-directory@2.1.1
282 silly currentTree +-- require-main-filename@1.0.1
282 silly currentTree +-- resolve-from@2.0.0
282 silly currentTree +-- semver@5.3.0
282 silly currentTree +-- set-blocking@2.0.0
282 silly currentTree +-- spdx-correct@1.0.2
282 silly currentTree +-- spdx-expression-parse@1.0.4
282 silly currentTree +-- spdx-license-ids@1.2.2
282 silly currentTree +-- split@1.0.0
282 silly currentTree +-- stream-each@1.2.0
282 silly currentTree +-- stream-shift@1.0.0
282 silly currentTree +-- string_decoder@0.10.31
282 silly currentTree +-- string-width@1.0.2
282 silly currentTree +-- strip-ansi@3.0.1
282 silly currentTree +-- strip-bom@2.0.0
282 silly currentTree +-- through@2.3.8
282 silly currentTree +-- through2@2.0.1
282 silly currentTree +-- typedarray@0.0.6
282 silly currentTree +-- util-deprecate@1.0.2
282 silly currentTree +-- validate-npm-package-license@3.0.1
282 silly currentTree +-- which-module@1.0.0
282 silly currentTree +-- window-size@0.2.0
282 silly currentTree +-- wrap-ansi@2.0.0
282 silly currentTree +-- wrappy@1.0.2
282 silly currentTree +-- xtend@4.0.1
282 silly currentTree +-- y18n@3.2.1
282 silly currentTree +-- yargs-parser@4.1.0
282 silly currentTree `-- yargs@6.4.0
283 silly idealTree ol-data-tools@1.0.0
283 silly idealTree +-- ansi-regex@2.0.0
283 silly idealTree +-- ap@0.2.0
283 silly idealTree +-- async@2.1.2
283 silly idealTree +-- bindings@1.2.1
283 silly idealTree +-- bson@0.5.7
283 silly idealTree +-- buffer-shims@1.0.0
283 silly idealTree +-- buffer-writer@1.0.1
283 silly idealTree +-- builtin-modules@1.1.1
283 silly idealTree +-- camelcase@3.0.0
283 silly idealTree +-- cliui@3.2.0
283 silly idealTree +-- code-point-at@1.1.0
283 silly idealTree +-- concat-stream@1.5.2
283 silly idealTree +-- core-util-is@1.0.2
283 silly idealTree +-- decamelize@1.2.0
283 silly idealTree +-- duplexify@3.5.0
283 silly idealTree | `-- end-of-stream@1.0.0
283 silly idealTree +-- end-of-stream@1.1.0
283 silly idealTree +-- error-ex@1.3.0
283 silly idealTree +-- es6-promise@3.2.1
283 silly idealTree +-- find-up@1.1.2
283 silly idealTree +-- flush-write-stream@1.0.2
283 silly idealTree +-- from2@2.3.0
283 silly idealTree +-- generic-pool@2.4.2
283 silly idealTree +-- get-caller-file@1.0.2
283 silly idealTree +-- graceful-fs@4.1.10
283 silly idealTree +-- hosted-git-info@2.1.5
283 silly idealTree +-- inherits@2.0.3
283 silly idealTree +-- invert-kv@1.0.0
283 silly idealTree +-- is-arrayish@0.2.1
283 silly idealTree +-- is-builtin-module@1.0.0
283 silly idealTree +-- is-fullwidth-code-point@1.0.0
283 silly idealTree +-- is-utf8@0.2.1
283 silly idealTree +-- isarray@1.0.0
283 silly idealTree +-- lcid@1.0.0
283 silly idealTree +-- libpq@1.8.5
283 silly idealTree +-- load-json-file@1.1.0
283 silly idealTree +-- lodash@4.17.2
283 silly idealTree +-- mississippi@1.2.0
283 silly idealTree +-- mongodb-core@2.0.14
283 silly idealTree +-- mongodb@2.2.12
283 silly idealTree | `-- readable-stream@2.1.5
283 silly idealTree +-- nan@2.4.0
283 silly idealTree +-- normalize-package-data@2.3.5
283 silly idealTree +-- number-is-nan@1.0.1
283 silly idealTree +-- object-assign@4.1.0
283 silly idealTree +-- once@1.3.3
283 silly idealTree +-- os-locale@1.4.0
283 silly idealTree +-- packet-reader@0.2.0
283 silly idealTree +-- parse-json@2.2.0
283 silly idealTree +-- path-exists@2.1.0
283 silly idealTree +-- path-type@1.1.0
283 silly idealTree +-- pg-connection-string@0.1.3
283 silly idealTree +-- pg-native@1.10.0
283 silly idealTree | +-- isarray@0.0.1
283 silly idealTree | +-- pg-types@1.6.0
283 silly idealTree | `-- readable-stream@1.0.31
283 silly idealTree +-- pg-pool@1.5.0
283 silly idealTree +-- pg-types@1.11.0
283 silly idealTree +-- pg@6.1.0
283 silly idealTree | `-- semver@4.3.2
283 silly idealTree +-- pgpass@1.0.1
283 silly idealTree +-- pify@2.3.0
283 silly idealTree +-- pinkie-promise@2.0.1
283 silly idealTree +-- pinkie@2.0.4
283 silly idealTree +-- postgres-array@1.0.0
283 silly idealTree +-- postgres-bytea@1.0.0
283 silly idealTree +-- postgres-date@1.0.3
283 silly idealTree +-- postgres-interval@1.0.2
283 silly idealTree +-- process-nextick-args@1.0.7
283 silly idealTree +-- progress@1.1.8
283 silly idealTree +-- pump@1.0.1
283 silly idealTree +-- pumpify@1.3.5
283 silly idealTree +-- read-pkg-up@1.0.1
283 silly idealTree +-- read-pkg@1.1.0
283 silly idealTree +-- readable-stream@2.0.6
283 silly idealTree +-- require_optional@1.0.0
283 silly idealTree +-- require-directory@2.1.1
283 silly idealTree +-- require-main-filename@1.0.1
283 silly idealTree +-- resolve-from@2.0.0
283 silly idealTree +-- semver@5.3.0
283 silly idealTree +-- set-blocking@2.0.0
283 silly idealTree +-- spdx-correct@1.0.2
283 silly idealTree +-- spdx-expression-parse@1.0.4
283 silly idealTree +-- spdx-license-ids@1.2.2
283 silly idealTree +-- split@1.0.0
283 silly idealTree +-- stream-each@1.2.0
283 silly idealTree +-- stream-shift@1.0.0
283 silly idealTree +-- string_decoder@0.10.31
283 silly idealTree +-- string-width@1.0.2
283 silly idealTree +-- strip-ansi@3.0.1
283 silly idealTree +-- strip-bom@2.0.0
283 silly idealTree +-- through@2.3.8
283 silly idealTree +-- through2@2.0.1
283 silly idealTree +-- typedarray@0.0.6
283 silly idealTree +-- util-deprecate@1.0.2
283 silly idealTree +-- validate-npm-package-license@3.0.1
283 silly idealTree +-- which-module@1.0.0
283 silly idealTree +-- window-size@0.2.0
283 silly idealTree +-- wrap-ansi@2.0.0
283 silly idealTree +-- wrappy@1.0.2
283 silly idealTree +-- xtend@4.0.1
283 silly idealTree +-- y18n@3.2.1
283 silly idealTree +-- yargs-parser@4.1.0
283 silly idealTree `-- yargs@6.4.0
284 silly generateActionsToTake Starting
285 silly install generateActionsToTake
286 silly generateActionsToTake Finishing
287 silly diffTrees action count 7
288 silly diffTrees add bindings@1.2.1
289 silly diffTrees add nan@2.4.0
290 silly diffTrees add isarray@0.0.1
291 silly diffTrees add libpq@1.8.5
292 silly diffTrees add pg-types@1.6.0
293 silly diffTrees add readable-stream@1.0.31
294 silly diffTrees add pg-native@1.10.0
295 silly decomposeActions action count 56
296 silly decomposeActions fetch bindings@1.2.1
297 silly decomposeActions extract bindings@1.2.1
298 silly decomposeActions test bindings@1.2.1
299 silly decomposeActions preinstall bindings@1.2.1
300 silly decomposeActions build bindings@1.2.1
301 silly decomposeActions install bindings@1.2.1
302 silly decomposeActions postinstall bindings@1.2.1
303 silly decomposeActions finalize bindings@1.2.1
304 silly decomposeActions fetch nan@2.4.0
305 silly decomposeActions extract nan@2.4.0
306 silly decomposeActions test nan@2.4.0
307 silly decomposeActions preinstall nan@2.4.0
308 silly decomposeActions build nan@2.4.0
309 silly decomposeActions install nan@2.4.0
310 silly decomposeActions postinstall nan@2.4.0
311 silly decomposeActions finalize nan@2.4.0
312 silly decomposeActions fetch isarray@0.0.1
313 silly decomposeActions extract isarray@0.0.1
314 silly decomposeActions test isarray@0.0.1
315 silly decomposeActions preinstall isarray@0.0.1
316 silly decomposeActions build isarray@0.0.1
317 silly decomposeActions install isarray@0.0.1
318 silly decomposeActions postinstall isarray@0.0.1
319 silly decomposeActions finalize isarray@0.0.1
320 silly decomposeActions fetch libpq@1.8.5
321 silly decomposeActions extract libpq@1.8.5
322 silly decomposeActions test libpq@1.8.5
323 silly decomposeActions preinstall libpq@1.8.5
324 silly decomposeActions build libpq@1.8.5
325 silly decomposeActions install libpq@1.8.5
326 silly decomposeActions postinstall libpq@1.8.5
327 silly decomposeActions finalize libpq@1.8.5
328 silly decomposeActions fetch pg-types@1.6.0
329 silly decomposeActions extract pg-types@1.6.0
330 silly decomposeActions test pg-types@1.6.0
331 silly decomposeActions preinstall pg-types@1.6.0
332 silly decomposeActions build pg-types@1.6.0
333 silly decomposeActions install pg-types@1.6.0
334 silly decomposeActions postinstall pg-types@1.6.0
335 silly decomposeActions finalize pg-types@1.6.0
336 silly decomposeActions fetch readable-stream@1.0.31
337 silly decomposeActions extract readable-stream@1.0.31
338 silly decomposeActions test readable-stream@1.0.31
339 silly decomposeActions preinstall readable-stream@1.0.31
340 silly decomposeActions build readable-stream@1.0.31
341 silly decomposeActions install readable-stream@1.0.31
342 silly decomposeActions postinstall readable-stream@1.0.31
343 silly decomposeActions finalize readable-stream@1.0.31
344 silly decomposeActions fetch pg-native@1.10.0
345 silly decomposeActions extract pg-native@1.10.0
346 silly decomposeActions test pg-native@1.10.0
347 silly decomposeActions preinstall pg-native@1.10.0
348 silly decomposeActions build pg-native@1.10.0
349 silly decomposeActions install pg-native@1.10.0
350 silly decomposeActions postinstall pg-native@1.10.0
351 silly decomposeActions finalize pg-native@1.10.0
352 silly runTopLevelLifecycles Starting
353 silly executeActions Starting
354 silly install executeActions
355 silly doSerial global-install 0
356 silly doParallel fetch 7
357 verbose correctMkdir C:\Users\michaelekstrand\AppData\Roaming\npm-cache\_locks correctMkdir not in flight; initializing
358 verbose lock using C:\Users\michaelekstrand\AppData\Roaming\npm-cache\_locks\staging-6286146da12a0d28.lock for D:\Datasets\OpenLib\node_modules\.staging
359 silly doParallel extract 7
360 silly extract bindings@1.2.1
361 silly extract nan@2.4.0
362 silly extract isarray@0.0.1
363 silly extract libpq@1.8.5
364 silly extract pg-types@1.6.0
365 silly extract readable-stream@1.0.31
366 silly extract pg-native@1.10.0
367 verbose unbuild node_modules\.staging\nan-2b6f22bb
368 verbose unbuild node_modules\.staging\isarray-f58f77ec
369 verbose unbuild node_modules\.staging\libpq-aa7953ba
370 verbose unbuild node_modules\.staging\bindings-d6aef32e
371 verbose unbuild node_modules\.staging\pg-types-3f053ccc
372 verbose unbuild node_modules\.staging\readable-stream-ff75c25b
373 verbose unbuild node_modules\.staging\pg-native-4c38a3e8
374 silly gentlyRm D:\Datasets\OpenLib\node_modules\.staging\nan-2b6f22bb is being purged from base D:\Datasets\OpenLib
375 verbose gentlyRm don't care about contents; nuking D:\Datasets\OpenLib\node_modules\.staging\nan-2b6f22bb
376 silly gentlyRm D:\Datasets\OpenLib\node_modules\.staging\isarray-f58f77ec is being purged from base D:\Datasets\OpenLib
377 verbose gentlyRm don't care about contents; nuking D:\Datasets\OpenLib\node_modules\.staging\isarray-f58f77ec
378 silly gentlyRm D:\Datasets\OpenLib\node_modules\.staging\bindings-d6aef32e is being purged from base D:\Datasets\OpenLib
379 verbose gentlyRm don't care about contents; nuking D:\Datasets\OpenLib\node_modules\.staging\bindings-d6aef32e
380 silly gentlyRm D:\Datasets\OpenLib\node_modules\.staging\libpq-aa7953ba is being purged from base D:\Datasets\OpenLib
381 verbose gentlyRm don't care about contents; nuking D:\Datasets\OpenLib\node_modules\.staging\libpq-aa7953ba
382 silly gentlyRm D:\Datasets\OpenLib\node_modules\.staging\pg-types-3f053ccc is being purged from base D:\Datasets\OpenLib
383 verbose gentlyRm don't care about contents; nuking D:\Datasets\OpenLib\node_modules\.staging\pg-types-3f053ccc
384 verbose tar unpack C:\Users\michaelekstrand\AppData\Roaming\npm-cache\nan\2.4.0\package.tgz
385 verbose tar unpacking to D:\Datasets\OpenLib\node_modules\.staging\nan-2b6f22bb
386 silly gentlyRm D:\Datasets\OpenLib\node_modules\.staging\nan-2b6f22bb is being purged
387 verbose gentlyRm don't care about contents; nuking D:\Datasets\OpenLib\node_modules\.staging\nan-2b6f22bb
388 verbose tar unpack C:\Users\michaelekstrand\AppData\Roaming\npm-cache\isarray\0.0.1\package.tgz
389 verbose tar unpacking to D:\Datasets\OpenLib\node_modules\.staging\isarray-f58f77ec
390 silly gentlyRm D:\Datasets\OpenLib\node_modules\.staging\isarray-f58f77ec is being purged
391 verbose gentlyRm don't care about contents; nuking D:\Datasets\OpenLib\node_modules\.staging\isarray-f58f77ec
392 verbose tar unpack C:\Users\michaelekstrand\AppData\Roaming\npm-cache\bindings\1.2.1\package.tgz
393 verbose tar unpacking to D:\Datasets\OpenLib\node_modules\.staging\bindings-d6aef32e
394 silly gentlyRm D:\Datasets\OpenLib\node_modules\.staging\bindings-d6aef32e is being purged
395 verbose gentlyRm don't care about contents; nuking D:\Datasets\OpenLib\node_modules\.staging\bindings-d6aef32e
396 silly gentlyRm D:\Datasets\OpenLib\node_modules\.staging\readable-stream-ff75c25b is being purged from base D:\Datasets\OpenLib
397 verbose gentlyRm don't care about contents; nuking D:\Datasets\OpenLib\node_modules\.staging\readable-stream-ff75c25b
398 verbose tar unpack C:\Users\michaelekstrand\AppData\Roaming\npm-cache\libpq\1.8.5\package.tgz
399 verbose tar unpacking to D:\Datasets\OpenLib\node_modules\.staging\libpq-aa7953ba
400 silly gentlyRm D:\Datasets\OpenLib\node_modules\.staging\libpq-aa7953ba is being purged
401 verbose gentlyRm don't care about contents; nuking D:\Datasets\OpenLib\node_modules\.staging\libpq-aa7953ba
402 silly gentlyRm D:\Datasets\OpenLib\node_modules\.staging\pg-native-4c38a3e8 is being purged from base D:\Datasets\OpenLib
403 verbose gentlyRm don't care about contents; nuking D:\Datasets\OpenLib\node_modules\.staging\pg-native-4c38a3e8
404 verbose tar unpack C:\Users\michaelekstrand\AppData\Roaming\npm-cache\pg-types\1.6.0\package.tgz
405 verbose tar unpacking to D:\Datasets\OpenLib\node_modules\.staging\pg-types-3f053ccc
406 silly gentlyRm D:\Datasets\OpenLib\node_modules\.staging\pg-types-3f053ccc is being purged
407 verbose gentlyRm don't care about contents; nuking D:\Datasets\OpenLib\node_modules\.staging\pg-types-3f053ccc
408 silly gunzTarPerm modes [ '777', '666' ]
409 silly gunzTarPerm modes [ '777', '666' ]
410 silly gunzTarPerm modes [ '777', '666' ]
411 verbose tar unpack C:\Users\michaelekstrand\AppData\Roaming\npm-cache\readable-stream\1.0.31\package.tgz
412 verbose tar unpacking to D:\Datasets\OpenLib\node_modules\.staging\readable-stream-ff75c25b
413 silly gentlyRm D:\Datasets\OpenLib\node_modules\.staging\readable-stream-ff75c25b is being purged
414 verbose gentlyRm don't care about contents; nuking D:\Datasets\OpenLib\node_modules\.staging\readable-stream-ff75c25b
415 silly gunzTarPerm modes [ '777', '666' ]
416 verbose tar unpack C:\Users\michaelekstrand\AppData\Roaming\npm-cache\pg-native\1.10.0\package.tgz
417 verbose tar unpacking to D:\Datasets\OpenLib\node_modules\.staging\pg-native-4c38a3e8
418 silly gentlyRm D:\Datasets\OpenLib\node_modules\.staging\pg-native-4c38a3e8 is being purged
419 verbose gentlyRm don't care about contents; nuking D:\Datasets\OpenLib\node_modules\.staging\pg-native-4c38a3e8
420 silly gunzTarPerm modes [ '777', '666' ]
421 silly gunzTarPerm modes [ '777', '666' ]
422 silly gunzTarPerm modes [ '777', '666' ]
423 silly gunzTarPerm extractEntry package.json
424 silly gunzTarPerm modified mode [ 'package.json', 420, 438 ]
425 silly gunzTarPerm extractEntry package.json
426 silly gunzTarPerm modified mode [ 'package.json', 436, 438 ]
427 silly gunzTarPerm extractEntry package.json
428 silly gunzTarPerm modified mode [ 'package.json', 420, 438 ]
429 silly gunzTarPerm extractEntry package.json
430 silly gunzTarPerm modified mode [ 'package.json', 420, 438 ]
431 silly gunzTarPerm extractEntry package.json
432 silly gunzTarPerm modified mode [ 'package.json', 420, 438 ]
433 silly gunzTarPerm extractEntry package.json
434 silly gunzTarPerm modified mode [ 'package.json', 436, 438 ]
435 silly gunzTarPerm extractEntry package.json
436 silly gunzTarPerm modified mode [ 'package.json', 420, 438 ]
437 silly gunzTarPerm extractEntry README.md
438 silly gunzTarPerm modified mode [ 'README.md', 420, 438 ]
439 silly gunzTarPerm extractEntry index.js
440 silly gunzTarPerm modified mode [ 'index.js', 420, 438 ]
441 silly gunzTarPerm extractEntry README.md
442 silly gunzTarPerm modified mode [ 'README.md', 436, 438 ]
443 silly gunzTarPerm extractEntry README.md
444 silly gunzTarPerm modified mode [ 'README.md', 420, 438 ]
445 silly gunzTarPerm extractEntry bindings.js
446 silly gunzTarPerm modified mode [ 'bindings.js', 420, 438 ]
447 silly gunzTarPerm extractEntry include_dirs.js
448 silly gunzTarPerm modified mode [ 'include_dirs.js', 436, 438 ]
449 silly gunzTarPerm extractEntry .npmignore
450 silly gunzTarPerm modified mode [ '.npmignore', 420, 438 ]
451 silly gunzTarPerm extractEntry README.md
452 silly gunzTarPerm modified mode [ 'README.md', 420, 438 ]
453 silly gunzTarPerm extractEntry .npmignore
454 silly gunzTarPerm modified mode [ '.npmignore', 420, 438 ]
455 silly gunzTarPerm extractEntry README.md
456 silly gunzTarPerm modified mode [ 'README.md', 420, 438 ]
457 silly gunzTarPerm extractEntry .npmignore
458 silly gunzTarPerm modified mode [ '.npmignore', 420, 438 ]
459 silly gunzTarPerm extractEntry README.md
460 silly gunzTarPerm modified mode [ 'README.md', 436, 438 ]
461 silly gunzTarPerm extractEntry .npmignore
462 silly gunzTarPerm modified mode [ '.npmignore', 420, 438 ]
463 silly gunzTarPerm extractEntry README.md
464 silly gunzTarPerm modified mode [ 'README.md', 420, 438 ]
465 silly gunzTarPerm extractEntry build/build.js
466 silly gunzTarPerm modified mode [ 'build/build.js', 420, 438 ]
467 silly gunzTarPerm extractEntry component.json
468 silly gunzTarPerm modified mode [ 'component.json', 420, 438 ]
469 silly gunzTarPerm extractEntry index.js
470 silly gunzTarPerm modified mode [ 'index.js', 420, 438 ]
471 silly gunzTarPerm extractEntry nan_callbacks_pre_12_inl.h
472 silly gunzTarPerm modified mode [ 'nan_callbacks_pre_12_inl.h', 436, 438 ]
473 silly gunzTarPerm extractEntry CHANGELOG.md
474 silly gunzTarPerm modified mode [ 'CHANGELOG.md', 436, 438 ]
475 silly gunzTarPerm extractEntry LICENSE.md
476 silly gunzTarPerm modified mode [ 'LICENSE.md', 436, 438 ]
477 silly gunzTarPerm extractEntry LICENSE
478 silly gunzTarPerm modified mode [ 'LICENSE', 436, 438 ]
479 silly gunzTarPerm extractEntry transform.js
480 silly gunzTarPerm modified mode [ 'transform.js', 420, 438 ]
481 silly gunzTarPerm extractEntry doc/node_misc.md
482 silly gunzTarPerm modified mode [ 'doc/node_misc.md', 436, 438 ]
483 silly gunzTarPerm extractEntry index.js
484 silly gunzTarPerm modified mode [ 'index.js', 420, 438 ]
485 silly gunzTarPerm extractEntry bench/index.js
486 silly gunzTarPerm modified mode [ 'bench/index.js', 420, 438 ]
487 silly gunzTarPerm extractEntry bench/leaks.js
488 silly gunzTarPerm modified mode [ 'bench/leaks.js', 420, 438 ]
489 silly gunzTarPerm extractEntry .travis.yml
490 silly gunzTarPerm modified mode [ '.travis.yml', 420, 438 ]
491 silly gunzTarPerm extractEntry Makefile
492 silly gunzTarPerm modified mode [ 'Makefile', 420, 438 ]
493 silly gunzTarPerm extractEntry lib/copy-stream.js
494 silly gunzTarPerm modified mode [ 'lib/copy-stream.js', 420, 438 ]
495 silly gunzTarPerm extractEntry test/array-mode.js
496 silly gunzTarPerm modified mode [ 'test/array-mode.js', 420, 438 ]
497 silly gunzTarPerm extractEntry test/custom-types.js
498 silly gunzTarPerm modified mode [ 'test/custom-types.js', 420, 438 ]
499 silly gunzTarPerm extractEntry test/domains.js
500 silly gunzTarPerm modified mode [ 'test/domains.js', 420, 438 ]
501 silly gunzTarPerm extractEntry test/huge-query.js
502 silly gunzTarPerm modified mode [ 'test/huge-query.js', 420, 438 ]
503 silly gunzTarPerm extractEntry test/copy-to.js
504 silly gunzTarPerm modified mode [ 'test/copy-to.js', 420, 438 ]
505 silly gunzTarPerm extractEntry test/async-workflow.js
506 silly gunzTarPerm modified mode [ 'test/async-workflow.js', 420, 438 ]
507 silly gunzTarPerm extractEntry test/many-connections.js
508 silly gunzTarPerm modified mode [ 'test/many-connections.js', 420, 438 ]
509 silly gunzTarPerm extractEntry test/many-errors.js
510 silly gunzTarPerm modified mode [ 'test/many-errors.js', 420, 438 ]
511 silly gunzTarPerm extractEntry test/query-sync.js
512 silly gunzTarPerm modified mode [ 'test/query-sync.js', 420, 438 ]
513 silly gunzTarPerm extractEntry test/multiple-queries.js
514 silly gunzTarPerm modified mode [ 'test/multiple-queries.js', 420, 438 ]
515 silly gunzTarPerm extractEntry test/copy-from.js
516 silly gunzTarPerm modified mode [ 'test/copy-from.js', 420, 438 ]
517 silly gunzTarPerm extractEntry test/notify.js
518 silly gunzTarPerm modified mode [ 'test/notify.js', 420, 438 ]
519 silly gunzTarPerm extractEntry test/connection.js
520 silly gunzTarPerm modified mode [ 'test/connection.js', 420, 438 ]
521 silly gunzTarPerm extractEntry test/prepare.js
522 silly gunzTarPerm modified mode [ 'test/prepare.js', 420, 438 ]
523 silly gunzTarPerm extractEntry test/cancel.js
524 silly gunzTarPerm modified mode [ 'test/cancel.js', 420, 438 ]
525 silly gunzTarPerm extractEntry test/query-async.js
526 silly gunzTarPerm modified mode [ 'test/query-async.js', 420, 438 ]
527 silly gunzTarPerm extractEntry test/index.js
528 silly gunzTarPerm modified mode [ 'test/index.js', 420, 438 ]
529 silly gunzTarPerm extractEntry test/version.js
530 silly gunzTarPerm modified mode [ 'test/version.js', 420, 438 ]
531 silly gunzTarPerm extractEntry test/load.js
532 silly gunzTarPerm modified mode [ 'test/load.js', 420, 438 ]
533 silly gunzTarPerm extractEntry test/mocha.opts
534 silly gunzTarPerm modified mode [ 'test/mocha.opts', 420, 438 ]
535 silly gunzTarPerm extractEntry index.js
536 silly gunzTarPerm modified mode [ 'index.js', 420, 438 ]
537 silly gunzTarPerm extractEntry .travis.yml
538 silly gunzTarPerm modified mode [ '.travis.yml', 420, 438 ]
539 silly gunzTarPerm extractEntry binding.gyp
540 silly gunzTarPerm modified mode [ 'binding.gyp', 420, 438 ]
541 silly gunzTarPerm extractEntry .travis.yml
542 silly gunzTarPerm modified mode [ '.travis.yml', 420, 438 ]
543 silly gunzTarPerm extractEntry Makefile
544 silly gunzTarPerm modified mode [ 'Makefile', 420, 438 ]
545 silly gunzTarPerm extractEntry duplex.js
546 silly gunzTarPerm modified mode [ 'duplex.js', 420, 438 ]
547 silly gunzTarPerm extractEntry readable.js
548 silly gunzTarPerm modified mode [ 'readable.js', 436, 438 ]
549 silly gunzTarPerm extractEntry Makefile
550 silly gunzTarPerm modified mode [ 'Makefile', 420, 438 ]
551 silly gunzTarPerm extractEntry lib/arrayParser.js
552 silly gunzTarPerm modified mode [ 'lib/arrayParser.js', 420, 438 ]
553 silly gunzTarPerm extractEntry src/addon.cc
554 silly gunzTarPerm modified mode [ 'src/addon.cc', 420, 438 ]
555 silly gunzTarPerm extractEntry doc/asyncworker.md
556 silly gunzTarPerm modified mode [ 'doc/asyncworker.md', 436, 438 ]
557 silly gunzTarPerm extractEntry doc/callback.md
558 silly gunzTarPerm modified mode [ 'doc/callback.md', 436, 438 ]
559 silly gunzTarPerm extractEntry passthrough.js
560 silly gunzTarPerm modified mode [ 'passthrough.js', 420, 438 ]
561 silly gunzTarPerm extractEntry writable.js
562 silly gunzTarPerm modified mode [ 'writable.js', 420, 438 ]
563 silly gunzTarPerm extractEntry lib/binaryParsers.js
564 silly gunzTarPerm modified mode [ 'lib/binaryParsers.js', 420, 438 ]
565 silly gunzTarPerm extractEntry lib/textParsers.js
566 silly gunzTarPerm modified mode [ 'lib/textParsers.js', 420, 438 ]
567 silly gunzTarPerm extractEntry test/array.js
568 silly gunzTarPerm modified mode [ 'test/array.js', 420, 438 ]
569 silly gunzTarPerm extractEntry test/assert.js
570 silly gunzTarPerm modified mode [ 'test/assert.js', 420, 438 ]
571 silly gunzTarPerm extractEntry test/dates.js
572 silly gunzTarPerm modified mode [ 'test/dates.js', 420, 438 ]
573 silly gunzTarPerm extractEntry test/index.js
574 silly gunzTarPerm modified mode [ 'test/index.js', 420, 438 ]
575 silly gunzTarPerm extractEntry src/addon.h
576 silly gunzTarPerm modified mode [ 'src/addon.h', 420, 438 ]
577 silly gunzTarPerm extractEntry src/connect-async-worker.cc
578 silly gunzTarPerm modified mode [ 'src/connect-async-worker.cc', 420, 438 ]
579 silly gunzTarPerm extractEntry doc/converters.md
580 silly gunzTarPerm modified mode [ 'doc/converters.md', 436, 438 ]
581 silly gunzTarPerm extractEntry doc/errors.md
582 silly gunzTarPerm modified mode [ 'doc/errors.md', 436, 438 ]
583 silly gunzTarPerm extractEntry lib/_stream_duplex.js
584 silly gunzTarPerm modified mode [ 'lib/_stream_duplex.js', 436, 438 ]
585 silly gunzTarPerm extractEntry lib/_stream_passthrough.js
586 silly gunzTarPerm modified mode [ 'lib/_stream_passthrough.js', 436, 438 ]
587 silly gunzTarPerm extractEntry lib/_stream_readable.js
588 silly gunzTarPerm modified mode [ 'lib/_stream_readable.js', 436, 438 ]
589 silly gunzTarPerm extractEntry doc/maybe_types.md
590 silly gunzTarPerm modified mode [ 'doc/maybe_types.md', 436, 438 ]
591 silly gunzTarPerm extractEntry doc/methods.md
592 silly gunzTarPerm modified mode [ 'doc/methods.md', 436, 438 ]
593 silly gunzTarPerm extractEntry lib/_stream_transform.js
594 silly gunzTarPerm modified mode [ 'lib/_stream_transform.js', 436, 438 ]
595 silly gunzTarPerm extractEntry lib/_stream_writable.js
596 silly gunzTarPerm modified mode [ 'lib/_stream_writable.js', 436, 438 ]
597 silly gunzTarPerm extractEntry src/connect-async-worker.h
598 silly gunzTarPerm modified mode [ 'src/connect-async-worker.h', 420, 438 ]
599 silly gunzTarPerm extractEntry src/connection.cc
600 silly gunzTarPerm modified mode [ 'src/connection.cc', 420, 438 ]
601 silly gentlyRm D:\Datasets\OpenLib\node_modules\.staging\bindings-d6aef32e\node_modules is being purged
602 verbose gentlyRm don't care about contents; nuking D:\Datasets\OpenLib\node_modules\.staging\bindings-d6aef32e\node_modules
603 silly gunzTarPerm extractEntry doc/new.md
604 silly gunzTarPerm modified mode [ 'doc/new.md', 436, 438 ]
605 silly gunzTarPerm extractEntry doc/buffers.md
606 silly gunzTarPerm modified mode [ 'doc/buffers.md', 436, 438 ]
607 silly gunzTarPerm extractEntry doc/object_wrappers.md
608 silly gunzTarPerm modified mode [ 'doc/object_wrappers.md', 436, 438 ]
609 silly gentlyRm D:\Datasets\OpenLib\node_modules\.staging\isarray-f58f77ec\node_modules is being purged
610 verbose gentlyRm don't care about contents; nuking D:\Datasets\OpenLib\node_modules\.staging\isarray-f58f77ec\node_modules
611 silly gunzTarPerm extractEntry src/connection.h
612 silly gunzTarPerm modified mode [ 'src/connection.h', 420, 438 ]
613 silly gunzTarPerm extractEntry test/async-connection.js
614 silly gunzTarPerm modified mode [ 'test/async-connection.js', 420, 438 ]
615 silly gunzTarPerm extractEntry doc/persistent.md
616 silly gunzTarPerm modified mode [ 'doc/persistent.md', 436, 438 ]
617 silly gunzTarPerm extractEntry test/escaping.js
618 silly gunzTarPerm modified mode [ 'test/escaping.js', 420, 438 ]
619 silly gunzTarPerm extractEntry test/helper.js
620 silly gunzTarPerm modified mode [ 'test/helper.js', 420, 438 ]
621 silly gunzTarPerm extractEntry test/index.js
622 silly gunzTarPerm modified mode [ 'test/index.js', 420, 438 ]
623 silly gunzTarPerm extractEntry test/error-info.js
624 silly gunzTarPerm modified mode [ 'test/error-info.js', 420, 438 ]
625 silly gunzTarPerm extractEntry doc/scopes.md
626 silly gunzTarPerm modified mode [ 'doc/scopes.md', 436, 438 ]
627 silly gunzTarPerm extractEntry doc/script.md
628 silly gunzTarPerm modified mode [ 'doc/script.md', 436, 438 ]
629 silly gunzTarPerm extractEntry test/async-socket.js
630 silly gunzTarPerm modified mode [ 'test/async-socket.js', 420, 438 ]
631 silly gunzTarPerm extractEntry test/sync-prepare.js
632 silly gunzTarPerm modified mode [ 'test/sync-prepare.js', 420, 438 ]
633 silly gunzTarPerm extractEntry test/multiple-queries.js
634 silly gunzTarPerm modified mode [ 'test/multiple-queries.js', 420, 438 ]
635 silly gunzTarPerm extractEntry test/non-blocking-controls.js
636 silly gunzTarPerm modified mode [ 'test/non-blocking-controls.js', 420, 438 ]
637 silly gunzTarPerm extractEntry doc/string_bytes.md
638 silly gunzTarPerm modified mode [ 'doc/string_bytes.md', 436, 438 ]
639 silly gunzTarPerm extractEntry doc/v8_internals.md
640 silly gunzTarPerm modified mode [ 'doc/v8_internals.md', 436, 438 ]
641 silly gunzTarPerm extractEntry doc/v8_misc.md
642 silly gunzTarPerm modified mode [ 'doc/v8_misc.md', 436, 438 ]
643 silly gunzTarPerm extractEntry nan.h
644 silly gunzTarPerm modified mode [ 'nan.h', 436, 438 ]
645 silly gunzTarPerm extractEntry test/notification.js
646 silly gunzTarPerm modified mode [ 'test/notification.js', 420, 438 ]
647 silly gunzTarPerm extractEntry test/error-conditions.js
648 silly gunzTarPerm modified mode [ 'test/error-conditions.js', 420, 438 ]
649 silly gunzTarPerm extractEntry test/result-accessors.js
650 silly gunzTarPerm modified mode [ 'test/result-accessors.js', 420, 438 ]
651 silly gunzTarPerm extractEntry test/copy-out.js
652 silly gunzTarPerm modified mode [ 'test/copy-out.js', 420, 438 ]
653 silly gunzTarPerm extractEntry test/server-version.js
654 silly gunzTarPerm modified mode [ 'test/server-version.js', 420, 438 ]
655 silly gunzTarPerm extractEntry nan_callbacks.h
656 silly gunzTarPerm modified mode [ 'nan_callbacks.h', 436, 438 ]
657 silly gunzTarPerm extractEntry nan_callbacks_12_inl.h
658 silly gunzTarPerm modified mode [ 'nan_callbacks_12_inl.h', 436, 438 ]
659 silly gunzTarPerm extractEntry test/copy-in.js
660 silly gunzTarPerm modified mode [ 'test/copy-in.js', 420, 438 ]
661 silly gunzTarPerm extractEntry nan_converters.h
662 silly gunzTarPerm modified mode [ 'nan_converters.h', 436, 438 ]
663 silly gunzTarPerm extractEntry nan_converters_43_inl.h
664 silly gunzTarPerm modified mode [ 'nan_converters_43_inl.h', 436, 438 ]
665 silly gunzTarPerm extractEntry nan_converters_pre_43_inl.h
666 silly gunzTarPerm modified mode [ 'nan_converters_pre_43_inl.h', 436, 438 ]
667 silly gunzTarPerm extractEntry test/socket.js
668 silly gunzTarPerm modified mode [ 'test/socket.js', 420, 438 ]
669 silly gunzTarPerm extractEntry test/construction.js
670 silly gunzTarPerm modified mode [ 'test/construction.js', 420, 438 ]
671 silly gunzTarPerm extractEntry nan_implementation_12_inl.h
672 silly gunzTarPerm modified mode [ 'nan_implementation_12_inl.h', 436, 438 ]
673 silly gunzTarPerm extractEntry test/sync-integration.js
674 silly gunzTarPerm modified mode [ 'test/sync-integration.js', 420, 438 ]
675 silly gunzTarPerm extractEntry test/cancel.js
676 silly gunzTarPerm modified mode [ 'test/cancel.js', 420, 438 ]
677 silly gunzTarPerm extractEntry nan_implementation_pre_12_inl.h
678 silly gunzTarPerm modified mode [ 'nan_implementation_pre_12_inl.h', 436, 438 ]
679 silly gunzTarPerm extractEntry nan_maybe_43_inl.h
680 silly gunzTarPerm modified mode [ 'nan_maybe_43_inl.h', 436, 438 ]
681 silly gunzTarPerm extractEntry nan_maybe_pre_43_inl.h
682 silly gunzTarPerm modified mode [ 'nan_maybe_pre_43_inl.h', 436, 438 ]
683 silly gunzTarPerm extractEntry nan_new.h
684 silly gunzTarPerm modified mode [ 'nan_new.h', 436, 438 ]
685 silly gunzTarPerm extractEntry nan_object_wrap.h
686 silly gunzTarPerm modified mode [ 'nan_object_wrap.h', 436, 438 ]
687 silly gunzTarPerm extractEntry nan_persistent_12_inl.h
688 silly gunzTarPerm modified mode [ 'nan_persistent_12_inl.h', 436, 438 ]
689 silly gunzTarPerm extractEntry test/sync-parameters.js
690 silly gunzTarPerm modified mode [ 'test/sync-parameters.js', 420, 438 ]
691 silly gunzTarPerm extractEntry test/load.js
692 silly gunzTarPerm modified mode [ 'test/load.js', 420, 438 ]
693 silly gunzTarPerm extractEntry nan_persistent_pre_12_inl.h
694 silly gunzTarPerm modified mode [ 'nan_persistent_pre_12_inl.h', 436, 438 ]
695 silly gunzTarPerm extractEntry nan_string_bytes.h
696 silly gunzTarPerm modified mode [ 'nan_string_bytes.h', 436, 438 ]
697 silly gunzTarPerm extractEntry nan_typedarray_contents.h
698 silly gunzTarPerm modified mode [ 'nan_typedarray_contents.h', 436, 438 ]
699 silly gunzTarPerm extractEntry nan_weak.h
700 silly gunzTarPerm modified mode [ 'nan_weak.h', 436, 438 ]
701 silly gunzTarPerm extractEntry test/sync.js
702 silly gunzTarPerm modified mode [ 'test/sync.js', 420, 438 ]
703 silly gunzTarPerm extractEntry test/many-connections.js
704 silly gunzTarPerm modified mode [ 'test/many-connections.js', 420, 438 ]
705 silly gentlyRm D:\Datasets\OpenLib\node_modules\.staging\readable-stream-ff75c25b\node_modules is being purged
706 verbose gentlyRm don't care about contents; nuking D:\Datasets\OpenLib\node_modules\.staging\readable-stream-ff75c25b\node_modules
707 silly gunzTarPerm extractEntry tools/package.json
708 silly gunzTarPerm modified mode [ 'tools/package.json', 436, 438 ]
709 silly gunzTarPerm extractEntry tools/README.md
710 silly gunzTarPerm modified mode [ 'tools/README.md', 436, 438 ]
711 silly gunzTarPerm extractEntry test/mocha.opts
712 silly gunzTarPerm modified mode [ 'test/mocha.opts', 420, 438 ]
713 silly gunzTarPerm extractEntry tools/1to2.js
714 silly gunzTarPerm modified mode [ 'tools/1to2.js', 509, 511 ]
715 silly gentlyRm D:\Datasets\OpenLib\node_modules\.staging\pg-types-3f053ccc\node_modules is being purged
716 verbose gentlyRm don't care about contents; nuking D:\Datasets\OpenLib\node_modules\.staging\pg-types-3f053ccc\node_modules
717 silly gentlyRm D:\Datasets\OpenLib\node_modules\.staging\nan-2b6f22bb\node_modules is being purged
718 verbose gentlyRm don't care about contents; nuking D:\Datasets\OpenLib\node_modules\.staging\nan-2b6f22bb\node_modules
719 silly gentlyRm D:\Datasets\OpenLib\node_modules\.staging\libpq-aa7953ba\node_modules is being purged
720 verbose gentlyRm don't care about contents; nuking D:\Datasets\OpenLib\node_modules\.staging\libpq-aa7953ba\node_modules
721 silly gentlyRm D:\Datasets\OpenLib\node_modules\.staging\pg-native-4c38a3e8\node_modules is being purged
722 verbose gentlyRm don't care about contents; nuking D:\Datasets\OpenLib\node_modules\.staging\pg-native-4c38a3e8\node_modules
723 silly doParallel preinstall 7
724 silly preinstall bindings@1.2.1
725 info lifecycle bindings@1.2.1~preinstall: bindings@1.2.1
726 silly preinstall nan@2.4.0
727 info lifecycle nan@2.4.0~preinstall: nan@2.4.0
728 silly preinstall isarray@0.0.1
729 info lifecycle isarray@0.0.1~preinstall: isarray@0.0.1
730 silly preinstall libpq@1.8.5
731 info lifecycle libpq@1.8.5~preinstall: libpq@1.8.5
732 silly preinstall pg-types@1.6.0
733 info lifecycle pg-types@1.6.0~preinstall: pg-types@1.6.0
734 silly preinstall readable-stream@1.0.31
735 info lifecycle readable-stream@1.0.31~preinstall: readable-stream@1.0.31
736 silly preinstall pg-native@1.10.0
737 info lifecycle pg-native@1.10.0~preinstall: pg-native@1.10.0
738 silly lifecycle bindings@1.2.1~preinstall: no script for preinstall, continuing
739 silly lifecycle nan@2.4.0~preinstall: no script for preinstall, continuing
740 silly lifecycle isarray@0.0.1~preinstall: no script for preinstall, continuing
741 silly lifecycle libpq@1.8.5~preinstall: no script for preinstall, continuing
742 silly lifecycle readable-stream@1.0.31~preinstall: no script for preinstall, continuing
743 silly lifecycle pg-native@1.10.0~preinstall: no script for preinstall, continuing
744 silly lifecycle pg-types@1.6.0~preinstall: no script for preinstall, continuing
745 silly doReverseSerial remove 0
746 silly doSerial move 0
747 silly doSerial finalize 7
748 silly finalize D:\Datasets\OpenLib\node_modules\bindings
749 silly finalize D:\Datasets\OpenLib\node_modules\nan
750 silly finalize D:\Datasets\OpenLib\node_modules\pg-native\node_modules\isarray
751 silly finalize D:\Datasets\OpenLib\node_modules\libpq
752 silly finalize D:\Datasets\OpenLib\node_modules\pg-native\node_modules\pg-types
753 silly finalize D:\Datasets\OpenLib\node_modules\pg-native\node_modules\readable-stream
754 silly finalize D:\Datasets\OpenLib\node_modules\pg-native
755 silly doSerial build 7
756 silly build bindings@1.2.1
757 info linkStuff bindings@1.2.1
758 silly linkStuff bindings@1.2.1 has D:\Datasets\OpenLib\node_modules as its parent node_modules
759 verbose linkBins bindings@1.2.1
760 verbose linkMans bindings@1.2.1
761 silly build nan@2.4.0
762 info linkStuff nan@2.4.0
763 silly linkStuff nan@2.4.0 has D:\Datasets\OpenLib\node_modules as its parent node_modules
764 verbose linkBins nan@2.4.0
765 verbose linkMans nan@2.4.0
766 silly build isarray@0.0.1
767 info linkStuff isarray@0.0.1
768 silly linkStuff isarray@0.0.1 has D:\Datasets\OpenLib\node_modules\pg-native\node_modules as its parent node_modules
769 verbose linkBins isarray@0.0.1
770 verbose linkMans isarray@0.0.1
771 silly build libpq@1.8.5
772 info linkStuff libpq@1.8.5
773 silly linkStuff libpq@1.8.5 has D:\Datasets\OpenLib\node_modules as its parent node_modules
774 verbose linkBins libpq@1.8.5
775 verbose linkMans libpq@1.8.5
776 silly build pg-types@1.6.0
777 info linkStuff pg-types@1.6.0
778 silly linkStuff pg-types@1.6.0 has D:\Datasets\OpenLib\node_modules\pg-native\node_modules as its parent node_modules
779 verbose linkBins pg-types@1.6.0
780 verbose linkMans pg-types@1.6.0
781 silly build readable-stream@1.0.31
782 info linkStuff readable-stream@1.0.31
783 silly linkStuff readable-stream@1.0.31 has D:\Datasets\OpenLib\node_modules\pg-native\node_modules as its parent node_modules
784 verbose linkBins readable-stream@1.0.31
785 verbose linkMans readable-stream@1.0.31
786 silly build pg-native@1.10.0
787 info linkStuff pg-native@1.10.0
788 silly linkStuff pg-native@1.10.0 has D:\Datasets\OpenLib\node_modules as its parent node_modules
789 verbose linkBins pg-native@1.10.0
790 verbose linkMans pg-native@1.10.0
791 silly doSerial global-link 0
792 silly doParallel update-linked 0
793 silly doSerial install 7
794 silly install bindings@1.2.1
795 info lifecycle bindings@1.2.1~install: bindings@1.2.1
796 silly lifecycle bindings@1.2.1~install: no script for install, continuing
797 silly install nan@2.4.0
798 info lifecycle nan@2.4.0~install: nan@2.4.0
799 silly lifecycle nan@2.4.0~install: no script for install, continuing
800 silly install isarray@0.0.1
801 info lifecycle isarray@0.0.1~install: isarray@0.0.1
802 silly lifecycle isarray@0.0.1~install: no script for install, continuing
803 silly install libpq@1.8.5
804 info lifecycle libpq@1.8.5~install: libpq@1.8.5
805 verbose lifecycle libpq@1.8.5~install: unsafe-perm in lifecycle true
806 verbose lifecycle libpq@1.8.5~install: PATH: D:\scoop\apps\nodejs-lts\6.9.1\nodejs\node_modules\npm\bin\node-gyp-bin;D:\Datasets\OpenLib\node_modules\libpq\node_modules\.bin;D:\Datasets\OpenLib\node_modules\.bin;C:\WINDOWS\system32;C:\WINDOWS;C:\WINDOWS\System32\Wbem;C:\WINDOWS\System32\WindowsPowerShell\v1.0\;C:\Program Files\Java\jdk1.8.0_102\bin;C:\Tools\GnuPG\pub;C:\WINDOWS\system32\config\systemprofile\.dnx\bin;C:\Program Files\Microsoft DNX\Dnvm\;C:\Program Files (x86)\Windows Kits\8.1\Windows Performance Toolkit\;C:\Program Files\Microsoft SQL Server\120\Tools\Binn\;C:\Program Files\Microsoft SQL Server\130\Tools\Binn\;C:\Tools\PuTTY\;C:\Program Files (x86)\Skype\Phone\;C:\Tools\GitLFS;D:\scoop\apps\ruby\2.3.1\bin;D:\scoop\apps\perl\5.24.0.1\c\bin;D:\scoop\apps\perl\5.24.0.1\perl\bin;D:\scoop\apps\perl\5.24.0.1\perl\site\bin;D:\scoop\apps\latex\2.9.5987\texmfs\install\miktex\bin;D:\scoop\apps\openjdk\1.8.0_102-2\bin;D:\scoop\apps\nodejs-lts\6.9.1\nodejs;D:\scoop\shims;D:\Miniconda2;D:\Miniconda2\Scripts;D:\Miniconda2\Library\bin;C:\Users\michaelekstrand\AppData\Local\Microsoft\WindowsApps;C:\Tools\git\cmd;C:\Program Files (x86)\Microsoft VS Code\bin;C:\Users\michaelekstrand\.cargo\bin\;C:\Users\michaelekstrand\Documents\WindowsPowerShell\Modules\Pscx\3.2.2\Apps
807 verbose lifecycle libpq@1.8.5~install: CWD: D:\Datasets\OpenLib\node_modules\libpq
808 silly lifecycle libpq@1.8.5~install: Args: [ '/d /s /c', 'node-gyp rebuild' ]
809 silly lifecycle libpq@1.8.5~install: Returned: code: 1  signal: null
810 info lifecycle libpq@1.8.5~install: Failed to exec install script
811 verbose unlock done using C:\Users\michaelekstrand\AppData\Roaming\npm-cache\_locks\staging-6286146da12a0d28.lock for D:\Datasets\OpenLib\node_modules\.staging
812 silly rollbackFailedOptional Starting
813 silly gentlyRm D:\Datasets\OpenLib\node_modules\bindings is being purged from base D:\Datasets\OpenLib
814 verbose gentlyRm don't care about contents; nuking D:\Datasets\OpenLib\node_modules\bindings
815 silly gentlyRm D:\Datasets\OpenLib\node_modules\bindings is being purged from base D:\Datasets\OpenLib
816 verbose gentlyRm don't care about contents; nuking D:\Datasets\OpenLib\node_modules\bindings
817 silly gentlyRm D:\Datasets\OpenLib\node_modules\bindings is being purged from base D:\Datasets\OpenLib
818 verbose gentlyRm don't care about contents; nuking D:\Datasets\OpenLib\node_modules\bindings
819 silly gentlyRm D:\Datasets\OpenLib\node_modules\bindings is being purged from base D:\Datasets\OpenLib
820 verbose gentlyRm don't care about contents; nuking D:\Datasets\OpenLib\node_modules\bindings
821 silly gentlyRm D:\Datasets\OpenLib\node_modules\bindings is being purged from base D:\Datasets\OpenLib
822 verbose gentlyRm don't care about contents; nuking D:\Datasets\OpenLib\node_modules\bindings
823 silly gentlyRm D:\Datasets\OpenLib\node_modules\bindings is being purged from base D:\Datasets\OpenLib
824 verbose gentlyRm don't care about contents; nuking D:\Datasets\OpenLib\node_modules\bindings
825 silly gentlyRm D:\Datasets\OpenLib\node_modules\bindings is being purged from base D:\Datasets\OpenLib
826 verbose gentlyRm don't care about contents; nuking D:\Datasets\OpenLib\node_modules\bindings
827 silly gentlyRm D:\Datasets\OpenLib\node_modules\bindings is being purged from base D:\Datasets\OpenLib
828 verbose gentlyRm don't care about contents; nuking D:\Datasets\OpenLib\node_modules\bindings
829 silly gentlyRm D:\Datasets\OpenLib\node_modules\nan is being purged from base D:\Datasets\OpenLib
830 verbose gentlyRm don't care about contents; nuking D:\Datasets\OpenLib\node_modules\nan
831 silly gentlyRm D:\Datasets\OpenLib\node_modules\nan is being purged from base D:\Datasets\OpenLib
832 verbose gentlyRm don't care about contents; nuking D:\Datasets\OpenLib\node_modules\nan
833 silly gentlyRm D:\Datasets\OpenLib\node_modules\nan is being purged from base D:\Datasets\OpenLib
834 verbose gentlyRm don't care about contents; nuking D:\Datasets\OpenLib\node_modules\nan
835 silly gentlyRm D:\Datasets\OpenLib\node_modules\nan is being purged from base D:\Datasets\OpenLib
836 verbose gentlyRm don't care about contents; nuking D:\Datasets\OpenLib\node_modules\nan
837 silly gentlyRm D:\Datasets\OpenLib\node_modules\nan is being purged from base D:\Datasets\OpenLib
838 verbose gentlyRm don't care about contents; nuking D:\Datasets\OpenLib\node_modules\nan
839 silly gentlyRm D:\Datasets\OpenLib\node_modules\nan is being purged from base D:\Datasets\OpenLib
840 verbose gentlyRm don't care about contents; nuking D:\Datasets\OpenLib\node_modules\nan
841 silly gentlyRm D:\Datasets\OpenLib\node_modules\nan is being purged from base D:\Datasets\OpenLib
842 verbose gentlyRm don't care about contents; nuking D:\Datasets\OpenLib\node_modules\nan
843 silly gentlyRm D:\Datasets\OpenLib\node_modules\nan is being purged from base D:\Datasets\OpenLib
844 verbose gentlyRm don't care about contents; nuking D:\Datasets\OpenLib\node_modules\nan
845 silly gentlyRm D:\Datasets\OpenLib\node_modules\libpq is being purged from base D:\Datasets\OpenLib
846 verbose gentlyRm don't care about contents; nuking D:\Datasets\OpenLib\node_modules\libpq
847 silly gentlyRm D:\Datasets\OpenLib\node_modules\libpq is being purged from base D:\Datasets\OpenLib
848 verbose gentlyRm don't care about contents; nuking D:\Datasets\OpenLib\node_modules\libpq
849 silly gentlyRm D:\Datasets\OpenLib\node_modules\libpq is being purged from base D:\Datasets\OpenLib
850 verbose gentlyRm don't care about contents; nuking D:\Datasets\OpenLib\node_modules\libpq
851 silly gentlyRm D:\Datasets\OpenLib\node_modules\libpq is being purged from base D:\Datasets\OpenLib
852 verbose gentlyRm don't care about contents; nuking D:\Datasets\OpenLib\node_modules\libpq
853 silly gentlyRm D:\Datasets\OpenLib\node_modules\libpq is being purged from base D:\Datasets\OpenLib
854 verbose gentlyRm don't care about contents; nuking D:\Datasets\OpenLib\node_modules\libpq
855 silly gentlyRm D:\Datasets\OpenLib\node_modules\libpq is being purged from base D:\Datasets\OpenLib
856 verbose gentlyRm don't care about contents; nuking D:\Datasets\OpenLib\node_modules\libpq
857 silly gentlyRm D:\Datasets\OpenLib\node_modules\libpq is being purged from base D:\Datasets\OpenLib
858 verbose gentlyRm don't care about contents; nuking D:\Datasets\OpenLib\node_modules\libpq
859 silly gentlyRm D:\Datasets\OpenLib\node_modules\libpq is being purged from base D:\Datasets\OpenLib
860 verbose gentlyRm don't care about contents; nuking D:\Datasets\OpenLib\node_modules\libpq
861 silly gentlyRm D:\Datasets\OpenLib\node_modules\pg-native is being purged from base D:\Datasets\OpenLib
862 verbose gentlyRm don't care about contents; nuking D:\Datasets\OpenLib\node_modules\pg-native
863 silly gentlyRm D:\Datasets\OpenLib\node_modules\pg-native is being purged from base D:\Datasets\OpenLib
864 verbose gentlyRm don't care about contents; nuking D:\Datasets\OpenLib\node_modules\pg-native
865 silly gentlyRm D:\Datasets\OpenLib\node_modules\pg-native is being purged from base D:\Datasets\OpenLib
866 verbose gentlyRm don't care about contents; nuking D:\Datasets\OpenLib\node_modules\pg-native
867 silly gentlyRm D:\Datasets\OpenLib\node_modules\pg-native is being purged from base D:\Datasets\OpenLib
868 verbose gentlyRm don't care about contents; nuking D:\Datasets\OpenLib\node_modules\pg-native
869 silly gentlyRm D:\Datasets\OpenLib\node_modules\pg-native is being purged from base D:\Datasets\OpenLib
870 verbose gentlyRm don't care about contents; nuking D:\Datasets\OpenLib\node_modules\pg-native
871 silly gentlyRm D:\Datasets\OpenLib\node_modules\pg-native is being purged from base D:\Datasets\OpenLib
872 verbose gentlyRm don't care about contents; nuking D:\Datasets\OpenLib\node_modules\pg-native
873 silly gentlyRm D:\Datasets\OpenLib\node_modules\pg-native is being purged from base D:\Datasets\OpenLib
874 verbose gentlyRm don't care about contents; nuking D:\Datasets\OpenLib\node_modules\pg-native
875 silly gentlyRm D:\Datasets\OpenLib\node_modules\pg-native is being purged from base D:\Datasets\OpenLib
876 verbose gentlyRm don't care about contents; nuking D:\Datasets\OpenLib\node_modules\pg-native
877 silly vacuum-fs purging D:\Datasets\OpenLib\node_modules\bindings
878 silly vacuum-fs purging D:\Datasets\OpenLib\node_modules\bindings
879 silly vacuum-fs purging D:\Datasets\OpenLib\node_modules\bindings
880 silly vacuum-fs purging D:\Datasets\OpenLib\node_modules\bindings
881 silly vacuum-fs purging D:\Datasets\OpenLib\node_modules\bindings
882 silly vacuum-fs purging D:\Datasets\OpenLib\node_modules\bindings
883 silly vacuum-fs purging D:\Datasets\OpenLib\node_modules\bindings
884 silly vacuum-fs purging D:\Datasets\OpenLib\node_modules\bindings
885 silly vacuum-fs purging D:\Datasets\OpenLib\node_modules\nan
886 silly vacuum-fs purging D:\Datasets\OpenLib\node_modules\nan
887 silly vacuum-fs purging D:\Datasets\OpenLib\node_modules\nan
888 silly vacuum-fs purging D:\Datasets\OpenLib\node_modules\nan
889 silly vacuum-fs purging D:\Datasets\OpenLib\node_modules\nan
890 silly vacuum-fs purging D:\Datasets\OpenLib\node_modules\nan
891 silly vacuum-fs purging D:\Datasets\OpenLib\node_modules\nan
892 silly vacuum-fs purging D:\Datasets\OpenLib\node_modules\nan
893 silly vacuum-fs purging D:\Datasets\OpenLib\node_modules\libpq
894 silly vacuum-fs purging D:\Datasets\OpenLib\node_modules\libpq
895 silly vacuum-fs purging D:\Datasets\OpenLib\node_modules\libpq
896 silly vacuum-fs purging D:\Datasets\OpenLib\node_modules\libpq
897 silly vacuum-fs purging D:\Datasets\OpenLib\node_modules\libpq
898 silly vacuum-fs purging D:\Datasets\OpenLib\node_modules\libpq
899 silly vacuum-fs purging D:\Datasets\OpenLib\node_modules\libpq
900 silly vacuum-fs purging D:\Datasets\OpenLib\node_modules\libpq
901 silly vacuum-fs purging D:\Datasets\OpenLib\node_modules\pg-native
902 silly vacuum-fs purging D:\Datasets\OpenLib\node_modules\pg-native
903 silly vacuum-fs purging D:\Datasets\OpenLib\node_modules\pg-native
904 silly vacuum-fs purging D:\Datasets\OpenLib\node_modules\pg-native
905 silly vacuum-fs purging D:\Datasets\OpenLib\node_modules\pg-native
906 silly vacuum-fs purging D:\Datasets\OpenLib\node_modules\pg-native
907 silly vacuum-fs purging D:\Datasets\OpenLib\node_modules\pg-native
908 silly vacuum-fs purging D:\Datasets\OpenLib\node_modules\pg-native
909 silly vacuum-fs quitting because other entries in D:\Datasets\OpenLib\node_modules
910 silly vacuum-fs quitting because other entries in D:\Datasets\OpenLib\node_modules
911 silly vacuum-fs quitting because other entries in D:\Datasets\OpenLib\node_modules
912 silly vacuum-fs quitting because other entries in D:\Datasets\OpenLib\node_modules
913 silly vacuum-fs quitting because other entries in D:\Datasets\OpenLib\node_modules
914 silly vacuum-fs quitting because other entries in D:\Datasets\OpenLib\node_modules
915 silly vacuum-fs quitting because other entries in D:\Datasets\OpenLib\node_modules
916 silly vacuum-fs quitting because other entries in D:\Datasets\OpenLib\node_modules
917 silly vacuum-fs quitting because other entries in D:\Datasets\OpenLib\node_modules
918 silly vacuum-fs quitting because other entries in D:\Datasets\OpenLib\node_modules
919 silly vacuum-fs quitting because other entries in D:\Datasets\OpenLib\node_modules
920 silly vacuum-fs quitting because other entries in D:\Datasets\OpenLib\node_modules
921 silly vacuum-fs quitting because other entries in D:\Datasets\OpenLib\node_modules
922 silly vacuum-fs quitting because other entries in D:\Datasets\OpenLib\node_modules
923 silly vacuum-fs quitting because other entries in D:\Datasets\OpenLib\node_modules
924 silly vacuum-fs quitting because other entries in D:\Datasets\OpenLib\node_modules
925 silly vacuum-fs quitting because other entries in D:\Datasets\OpenLib\node_modules
926 silly vacuum-fs quitting because other entries in D:\Datasets\OpenLib\node_modules
927 silly vacuum-fs quitting because other entries in D:\Datasets\OpenLib\node_modules
928 silly vacuum-fs quitting because other entries in D:\Datasets\OpenLib\node_modules
929 silly vacuum-fs quitting because other entries in D:\Datasets\OpenLib\node_modules
930 silly vacuum-fs quitting because other entries in D:\Datasets\OpenLib\node_modules
931 silly vacuum-fs quitting because other entries in D:\Datasets\OpenLib\node_modules
932 silly vacuum-fs quitting because other entries in D:\Datasets\OpenLib\node_modules
933 silly vacuum-fs quitting because other entries in D:\Datasets\OpenLib\node_modules
934 silly vacuum-fs quitting because other entries in D:\Datasets\OpenLib\node_modules
935 silly vacuum-fs quitting because other entries in D:\Datasets\OpenLib\node_modules
936 silly vacuum-fs quitting because other entries in D:\Datasets\OpenLib\node_modules
937 silly vacuum-fs quitting because other entries in D:\Datasets\OpenLib\node_modules
938 silly vacuum-fs quitting because other entries in D:\Datasets\OpenLib\node_modules
939 silly vacuum-fs quitting because other entries in D:\Datasets\OpenLib\node_modules
940 silly vacuum-fs quitting because other entries in D:\Datasets\OpenLib\node_modules
941 silly rollbackFailedOptional Finishing
942 silly runTopLevelLifecycles Finishing
943 silly install printInstalled
944 warn ol-data-tools@1.0.0 No repository field.
945 verbose If you need help, you may report this error at:
945 verbose     <https://github.com/npm/npm/issues>
946 verbose stack Error: libpq@1.8.5 install: `node-gyp rebuild`
946 verbose stack Exit status 1
946 verbose stack     at EventEmitter.<anonymous> (D:\scoop\apps\nodejs-lts\6.9.1\nodejs\node_modules\npm\lib\utils\lifecycle.js:279:16)
946 verbose stack     at emitTwo (events.js:106:13)
946 verbose stack     at EventEmitter.emit (events.js:191:7)
946 verbose stack     at ChildProcess.<anonymous> (D:\scoop\apps\nodejs-lts\6.9.1\nodejs\node_modules\npm\lib\utils\spawn.js:40:14)
946 verbose stack     at emitTwo (events.js:106:13)
946 verbose stack     at ChildProcess.emit (events.js:191:7)
946 verbose stack     at maybeClose (internal/child_process.js:877:16)
946 verbose stack     at Process.ChildProcess._handle.onexit (internal/child_process.js:226:5)
947 verbose pkgid libpq@1.8.5
948 verbose cwd D:\Datasets\OpenLib
949 error Windows_NT 10.0.14393
950 error argv "D:\\scoop\\apps\\nodejs-lts\\6.9.1\\nodejs\\node.exe" "D:\\scoop\\apps\\nodejs-lts\\6.9.1\\nodejs\\node_modules\\npm\\bin\\npm-cli.js" "install" "pg-native"
951 error node v6.9.1
952 error npm  v4.0.3
953 error code ELIFECYCLE
954 error libpq@1.8.5 install: `node-gyp rebuild`
954 error Exit status 1
955 error Failed at the libpq@1.8.5 install script 'node-gyp rebuild'.
955 error Make sure you have the latest version of node.js and npm installed.
955 error If you do, this is most likely a problem with the libpq package,
955 error not with npm itself.
955 error Tell the author that this fails on your system:
955 error     node-gyp rebuild
955 error You can get information on how to open an issue for this project with:
955 error     npm bugs libpq
955 error Or if that isn't available, you can get their info via:
955 error     npm owner ls libpq
955 error There is likely additional logging output above.
956 verbose exit [ 1, true ]
